time="2026-02-24T15:48:44+01:00" level=warning msg="C:\\Users\\christian\\Documents\\LicensePlateControl\\docker-compose.yml: the attribute `version` is obsolete, it will be ignored, please remove it to avoid potential confusion"
#0 building with "desktop-linux" instance using docker driver

#1 [engine internal] load build definition from Dockerfile
#1 transferring dockerfile: 820B done
#1 DONE 0.0s

#2 [engine internal] load metadata for docker.io/library/python:3.10-slim
#2 DONE 0.7s

#3 [engine internal] load .dockerignore
#3 transferring context: 2B done
#3 DONE 0.1s

#4 [engine 1/6] FROM docker.io/library/python:3.10-slim@sha256:e508a34e5491225a76fbb9e0f43ebde1f691c6a689d096d7510cf7fb17d4ba6f
#4 DONE 0.0s

#5 [engine 2/6] WORKDIR /app
#5 CACHED

#6 [engine internal] load build context
#6 transferring context: 155B done
#6 DONE 0.1s

#7 [engine 3/6] RUN apt-get update && apt-get install -y     libgl1     libglib2.0-0     gcc     wget     gnupg     && wget -qO - https://apt.repos.intel.com/intel-gpg-keys/GPG-PUB-KEY-INTEL-SW-PRODUCTS.PUB | gpg --dearmor -o /usr/share/keyrings/oneapi-archive-keyring.gpg     && echo "deb [signed-by=/usr/share/keyrings/oneapi-archive-keyring.gpg] https://apt.repos.intel.com/oneapi all main" > /etc/apt/sources.list.d/oneAPI.list     && apt-get update     && apt-get install -y intel-opencl-icd intel-level-zero-gpu level-zero     && rm -rf /var/lib/apt/lists/*
#7 0.539 Hit:1 http://deb.debian.org/debian trixie InRelease
#7 0.559 Get:2 http://deb.debian.org/debian trixie-updates InRelease [47.3 kB]
#7 0.622 Get:3 http://deb.debian.org/debian-security trixie-security InRelease [43.4 kB]
#7 0.674 Get:4 http://deb.debian.org/debian trixie/main amd64 Packages [9670 kB]
#7 2.650 Get:5 http://deb.debian.org/debian trixie-updates/main amd64 Packages [5412 B]
#7 2.685 Get:6 http://deb.debian.org/debian-security trixie-security/main amd64 Packages [112 kB]
#7 3.192 Fetched 9879 kB in 3s (3623 kB/s)
#7 3.192 Reading package lists...
#7 3.619 Reading package lists...
#7 3.972 Building dependency tree...
#7 4.057 Reading state information...
#7 4.191 The following additional packages will be installed:
#7 4.191   binutils binutils-common binutils-x86-64-linux-gnu cpp cpp-14
#7 4.191   cpp-14-x86-64-linux-gnu cpp-x86-64-linux-gnu dirmngr gcc-14
#7 4.191   gcc-14-x86-64-linux-gnu gcc-x86-64-linux-gnu gnupg-l10n gnupg-utils gpg
#7 4.191   gpg-agent gpg-wks-client gpgconf gpgsm gpgv libasan8 libassuan9 libatomic1
#7 4.191   libbinutils libc-dev-bin libc6-dev libcc1-0 libcrypt-dev libctf-nobfd0
#7 4.191   libctf0 libdrm-amdgpu1 libdrm-common libdrm-intel1 libdrm2 libedit2
#7 4.191   libelf1t64 libexpat1 libgbm1 libgcc-14-dev libgcrypt20 libgl1-mesa-dri
#7 4.191   libglib2.0-data libglvnd0 libglx-mesa0 libglx0 libgnutls30t64 libgomp1
#7 4.192   libgpg-error-l10n libgpg-error0 libgprofng0 libhwasan0 libidn2-0 libisl23
#7 4.192   libitm1 libjansson4 libksba8 libldap-common libldap2 libllvm19 liblsan0
#7 4.192   libmpc3 libmpfr6 libnpth0t64 libp11-kit0 libpciaccess0 libpsl5t64
#7 4.192   libquadmath0 libsasl2-2 libsasl2-modules libsasl2-modules-db
#7 4.192   libsensors-config libsensors5 libsframe1 libtasn1-6 libtsan2 libubsan1
#7 4.192   libunistring5 libvulkan1 libwayland-client0 libwayland-server0 libx11-6
#7 4.192   libx11-data libx11-xcb1 libxau6 libxcb-dri3-0 libxcb-glx0 libxcb-present0
#7 4.192   libxcb-randr0 libxcb-shm0 libxcb-sync1 libxcb-xfixes0 libxcb1 libxdmcp6
#7 4.192   libxext6 libxml2 libxshmfence1 libxxf86vm1 libz3-4 linux-libc-dev manpages
#7 4.192   manpages-dev mesa-libgallium mesa-vulkan-drivers pinentry-curses
#7 4.192   publicsuffix rpcsvc-proto shared-mime-info xdg-user-dirs
#7 4.193 Suggested packages:
#7 4.193   binutils-doc gprofng-gui binutils-gold cpp-doc gcc-14-locales cpp-14-doc
#7 4.193   dbus-user-session libpam-systemd pinentry-gnome3 tor gcc-multilib make
#7 4.193   autoconf automake libtool flex bison gdb gcc-doc gcc-14-multilib gcc-14-doc
#7 4.193   gdb-x86-64-linux-gnu gpg-wks-server parcimonie xloadimage scdaemon
#7 4.193   tpm2daemon libc-devtools glibc-doc rng-tools low-memory-monitor gnutls-bin
#7 4.193   pciutils libsasl2-modules-gssapi-mit | libsasl2-modules-gssapi-heimdal
#7 4.193   libsasl2-modules-ldap libsasl2-modules-otp libsasl2-modules-sql lm-sensors
#7 4.193   man-browser pinentry-doc
#7 4.542 The following NEW packages will be installed:
#7 4.542   binutils binutils-common binutils-x86-64-linux-gnu cpp cpp-14
#7 4.542   cpp-14-x86-64-linux-gnu cpp-x86-64-linux-gnu dirmngr gcc gcc-14
#7 4.542   gcc-14-x86-64-linux-gnu gcc-x86-64-linux-gnu gnupg gnupg-l10n gnupg-utils
#7 4.542   gpg gpg-agent gpg-wks-client gpgconf gpgsm gpgv libasan8 libassuan9
#7 4.542   libatomic1 libbinutils libc-dev-bin libc6-dev libcc1-0 libcrypt-dev
#7 4.542   libctf-nobfd0 libctf0 libdrm-amdgpu1 libdrm-common libdrm-intel1 libdrm2
#7 4.542   libedit2 libelf1t64 libexpat1 libgbm1 libgcc-14-dev libgcrypt20 libgl1
#7 4.542   libgl1-mesa-dri libglib2.0-0t64 libglib2.0-data libglvnd0 libglx-mesa0
#7 4.542   libglx0 libgnutls30t64 libgomp1 libgpg-error-l10n libgpg-error0 libgprofng0
#7 4.542   libhwasan0 libidn2-0 libisl23 libitm1 libjansson4 libksba8 libldap-common
#7 4.542   libldap2 libllvm19 liblsan0 libmpc3 libmpfr6 libnpth0t64 libp11-kit0
#7 4.542   libpciaccess0 libpsl5t64 libquadmath0 libsasl2-2 libsasl2-modules
#7 4.542   libsasl2-modules-db libsensors-config libsensors5 libsframe1 libtasn1-6
#7 4.542   libtsan2 libubsan1 libunistring5 libvulkan1 libwayland-client0
#7 4.542   libwayland-server0 libx11-6 libx11-data libx11-xcb1 libxau6 libxcb-dri3-0
#7 4.542   libxcb-glx0 libxcb-present0 libxcb-randr0 libxcb-shm0 libxcb-sync1
#7 4.542   libxcb-xfixes0 libxcb1 libxdmcp6 libxext6 libxml2 libxshmfence1 libxxf86vm1
#7 4.542   libz3-4 linux-libc-dev manpages manpages-dev mesa-libgallium
#7 4.543   mesa-vulkan-drivers pinentry-curses publicsuffix rpcsvc-proto
#7 4.543   shared-mime-info wget xdg-user-dirs
#7 4.627 0 upgraded, 112 newly installed, 0 to remove and 0 not upgraded.
#7 4.627 Need to get 136 MB of archives.
#7 4.627 After this operation, 568 MB of additional disk space will be used.
#7 4.627 Get:1 http://deb.debian.org/debian trixie/main amd64 libexpat1 amd64 2.7.1-2 [108 kB]
#7 4.702 Get:2 http://deb.debian.org/debian trixie/main amd64 manpages all 6.9.1-1 [1393 kB]
#7 4.930 Get:3 http://deb.debian.org/debian trixie/main amd64 libunistring5 amd64 1.3-2 [477 kB]
#7 4.999 Get:4 http://deb.debian.org/debian trixie/main amd64 libidn2-0 amd64 2.3.8-2 [109 kB]
#7 5.018 Get:5 http://deb.debian.org/debian trixie/main amd64 libp11-kit0 amd64 0.25.5-3 [425 kB]
#7 5.077 Get:6 http://deb.debian.org/debian trixie/main amd64 libtasn1-6 amd64 4.20.0-2 [49.9 kB]
#7 5.084 Get:7 http://deb.debian.org/debian-security trixie-security/main amd64 libgnutls30t64 amd64 3.8.9-3+deb13u2 [1468 kB]
#7 5.299 Get:8 http://deb.debian.org/debian trixie/main amd64 libpsl5t64 amd64 0.21.2-1.1+b1 [57.2 kB]
#7 5.311 Get:9 http://deb.debian.org/debian trixie/main amd64 wget amd64 1.25.0-2 [984 kB]
#7 5.479 Get:10 http://deb.debian.org/debian trixie/main amd64 libsframe1 amd64 2.44-3 [78.4 kB]
#7 5.480 Get:11 http://deb.debian.org/debian trixie/main amd64 binutils-common amd64 2.44-3 [2509 kB]
#7 6.716 Get:12 http://deb.debian.org/debian trixie/main amd64 libbinutils amd64 2.44-3 [534 kB]
#7 6.887 Get:13 http://deb.debian.org/debian trixie/main amd64 libgprofng0 amd64 2.44-3 [808 kB]
#7 7.046 Get:14 http://deb.debian.org/debian trixie/main amd64 libctf-nobfd0 amd64 2.44-3 [156 kB]
#7 7.079 Get:15 http://deb.debian.org/debian trixie/main amd64 libctf0 amd64 2.44-3 [88.6 kB]
#7 7.099 Get:16 http://deb.debian.org/debian trixie/main amd64 libjansson4 amd64 2.14-2+b3 [39.8 kB]
#7 7.107 Get:17 http://deb.debian.org/debian trixie/main amd64 binutils-x86-64-linux-gnu amd64 2.44-3 [1014 kB]
#7 7.316 Get:18 http://deb.debian.org/debian trixie/main amd64 binutils amd64 2.44-3 [265 kB]
#7 7.398 Get:19 http://deb.debian.org/debian trixie/main amd64 libisl23 amd64 0.27-1 [659 kB]
#7 7.544 Get:20 http://deb.debian.org/debian trixie/main amd64 libmpfr6 amd64 4.2.2-1 [729 kB]
#7 7.681 Get:21 http://deb.debian.org/debian trixie/main amd64 libmpc3 amd64 1.3.1-1+b3 [52.2 kB]
#7 7.691 Get:22 http://deb.debian.org/debian trixie/main amd64 cpp-14-x86-64-linux-gnu amd64 14.2.0-19 [11.0 MB]
#7 10.29 Get:23 http://deb.debian.org/debian trixie/main amd64 cpp-14 amd64 14.2.0-19 [1280 B]
#7 10.29 Get:24 http://deb.debian.org/debian trixie/main amd64 cpp-x86-64-linux-gnu amd64 4:14.2.0-1 [4840 B]
#7 10.29 Get:25 http://deb.debian.org/debian trixie/main amd64 cpp amd64 4:14.2.0-1 [1568 B]
#7 10.29 Get:26 http://deb.debian.org/debian trixie/main amd64 libgpg-error0 amd64 1.51-4 [82.1 kB]
#7 10.31 Get:27 http://deb.debian.org/debian trixie/main amd64 libassuan9 amd64 3.0.2-2 [61.5 kB]
#7 10.35 Get:28 http://deb.debian.org/debian trixie/main amd64 libgcrypt20 amd64 1.11.0-7 [843 kB]
#7 10.51 Get:29 http://deb.debian.org/debian trixie/main amd64 gpgconf amd64 2.4.7-21+deb13u1+b1 [129 kB]
#7 10.53 Get:30 http://deb.debian.org/debian trixie/main amd64 libksba8 amd64 1.6.7-2+b1 [136 kB]
#7 10.56 Get:31 http://deb.debian.org/debian trixie/main amd64 libsasl2-modules-db amd64 2.1.28+dfsg1-9 [19.8 kB]
#7 10.56 Get:32 http://deb.debian.org/debian trixie/main amd64 libsasl2-2 amd64 2.1.28+dfsg1-9 [57.5 kB]
#7 10.57 Get:33 http://deb.debian.org/debian trixie/main amd64 libldap2 amd64 2.6.10+dfsg-1 [194 kB]
#7 10.60 Get:34 http://deb.debian.org/debian trixie/main amd64 libnpth0t64 amd64 1.8-3 [23.2 kB]
#7 10.61 Get:35 http://deb.debian.org/debian trixie/main amd64 dirmngr amd64 2.4.7-21+deb13u1+b1 [384 kB]
#7 10.67 Get:36 http://deb.debian.org/debian trixie/main amd64 libcc1-0 amd64 14.2.0-19 [42.8 kB]
#7 10.72 Get:37 http://deb.debian.org/debian trixie/main amd64 libgomp1 amd64 14.2.0-19 [137 kB]
#7 10.74 Get:38 http://deb.debian.org/debian trixie/main amd64 libitm1 amd64 14.2.0-19 [26.0 kB]
#7 10.74 Get:39 http://deb.debian.org/debian trixie/main amd64 libatomic1 amd64 14.2.0-19 [9308 B]
#7 10.79 Get:40 http://deb.debian.org/debian trixie/main amd64 libasan8 amd64 14.2.0-19 [2725 kB]
#7 11.25 Get:41 http://deb.debian.org/debian trixie/main amd64 liblsan0 amd64 14.2.0-19 [1204 kB]
#7 11.48 Get:42 http://deb.debian.org/debian trixie/main amd64 libtsan2 amd64 14.2.0-19 [2460 kB]
#7 11.89 Get:43 http://deb.debian.org/debian trixie/main amd64 libubsan1 amd64 14.2.0-19 [1074 kB]
#7 12.05 Get:44 http://deb.debian.org/debian trixie/main amd64 libhwasan0 amd64 14.2.0-19 [1488 kB]
#7 12.29 Get:45 http://deb.debian.org/debian trixie/main amd64 libquadmath0 amd64 14.2.0-19 [145 kB]
#7 12.31 Get:46 http://deb.debian.org/debian trixie/main amd64 libgcc-14-dev amd64 14.2.0-19 [2672 kB]
#7 12.92 Get:47 http://deb.debian.org/debian trixie/main amd64 gcc-14-x86-64-linux-gnu amd64 14.2.0-19 [21.4 MB]
#7 16.83 Get:48 http://deb.debian.org/debian trixie/main amd64 gcc-14 amd64 14.2.0-19 [540 kB]
#7 16.94 Get:49 http://deb.debian.org/debian trixie/main amd64 gcc-x86-64-linux-gnu amd64 4:14.2.0-1 [1436 B]
#7 16.94 Get:50 http://deb.debian.org/debian trixie/main amd64 gcc amd64 4:14.2.0-1 [5136 B]
#7 16.97 Get:51 http://deb.debian.org/debian trixie/main amd64 gnupg-l10n all 2.4.7-21+deb13u1 [749 kB]
#7 17.11 Get:52 http://deb.debian.org/debian trixie/main amd64 gpg amd64 2.4.7-21+deb13u1+b1 [634 kB]
#7 17.26 Get:53 http://deb.debian.org/debian trixie/main amd64 pinentry-curses amd64 1.3.1-2 [86.4 kB]
#7 17.28 Get:54 http://deb.debian.org/debian trixie/main amd64 gpg-agent amd64 2.4.7-21+deb13u1+b1 [271 kB]
#7 17.33 Get:55 http://deb.debian.org/debian trixie/main amd64 gpgsm amd64 2.4.7-21+deb13u1+b1 [275 kB]
#7 17.37 Get:56 http://deb.debian.org/debian trixie/main amd64 gnupg all 2.4.7-21+deb13u1 [417 kB]
#7 17.46 Get:57 http://deb.debian.org/debian trixie/main amd64 gpg-wks-client amd64 2.4.7-21+deb13u1+b1 [109 kB]
#7 17.48 Get:58 http://deb.debian.org/debian trixie/main amd64 gpgv amd64 2.4.7-21+deb13u1+b1 [241 kB]
#7 17.52 Get:59 http://deb.debian.org/debian trixie/main amd64 libc-dev-bin amd64 2.41-12+deb13u1 [58.5 kB]
#7 17.53 Get:60 http://deb.debian.org/debian-security trixie-security/main amd64 linux-libc-dev all 6.12.73-1 [2745 kB]
#7 18.01 Get:61 http://deb.debian.org/debian trixie/main amd64 libcrypt-dev amd64 1:4.4.38-1 [119 kB]
#7 18.02 Get:62 http://deb.debian.org/debian trixie/main amd64 rpcsvc-proto amd64 1.4.3-1 [63.3 kB]
#7 18.04 Get:63 http://deb.debian.org/debian trixie/main amd64 libc6-dev amd64 2.41-12+deb13u1 [1994 kB]
#7 18.34 Get:64 http://deb.debian.org/debian trixie/main amd64 libdrm-common all 2.4.124-2 [8288 B]
#7 18.34 Get:65 http://deb.debian.org/debian trixie/main amd64 libdrm2 amd64 2.4.124-2 [39.0 kB]
#7 18.35 Get:66 http://deb.debian.org/debian trixie/main amd64 libdrm-amdgpu1 amd64 2.4.124-2 [22.6 kB]
#7 18.35 Get:67 http://deb.debian.org/debian trixie/main amd64 libpciaccess0 amd64 0.17-3+b3 [51.9 kB]
#7 18.39 Get:68 http://deb.debian.org/debian trixie/main amd64 libdrm-intel1 amd64 2.4.124-2 [64.1 kB]
#7 18.40 Get:69 http://deb.debian.org/debian trixie/main amd64 libedit2 amd64 3.1-20250104-1 [93.8 kB]
#7 18.41 Get:70 http://deb.debian.org/debian trixie/main amd64 libelf1t64 amd64 0.192-4 [189 kB]
#7 18.44 Get:71 http://deb.debian.org/debian trixie/main amd64 libwayland-server0 amd64 1.23.1-3 [34.4 kB]
#7 18.45 Get:72 http://deb.debian.org/debian trixie/main amd64 libxml2 amd64 2.12.7+dfsg+really2.9.14-2.1+deb13u2 [698 kB]
#7 18.55 Get:73 http://deb.debian.org/debian trixie/main amd64 libz3-4 amd64 4.13.3-1 [8560 kB]
#7 19.90 Get:74 http://deb.debian.org/debian trixie/main amd64 libllvm19 amd64 1:19.1.7-3+b1 [26.0 MB]
#7 26.97 Get:75 http://deb.debian.org/debian trixie/main amd64 libsensors-config all 1:3.6.2-2 [16.2 kB]
#7 26.98 Get:76 http://deb.debian.org/debian trixie/main amd64 libsensors5 amd64 1:3.6.2-2 [37.5 kB]
#7 26.98 Get:77 http://deb.debian.org/debian trixie/main amd64 libxau6 amd64 1:1.0.11-1 [20.4 kB]
#7 26.99 Get:78 http://deb.debian.org/debian trixie/main amd64 libxdmcp6 amd64 1:1.1.5-1 [27.8 kB]
#7 26.99 Get:79 http://deb.debian.org/debian trixie/main amd64 libxcb1 amd64 1.17.0-2+b1 [144 kB]
#7 27.02 Get:80 http://deb.debian.org/debian trixie/main amd64 libx11-data all 2:1.8.12-1 [343 kB]
#7 27.11 Get:81 http://deb.debian.org/debian trixie/main amd64 libx11-6 amd64 2:1.8.12-1 [815 kB]
#7 27.26 Get:82 http://deb.debian.org/debian trixie/main amd64 libx11-xcb1 amd64 2:1.8.12-1 [247 kB]
#7 27.30 Get:83 http://deb.debian.org/debian trixie/main amd64 libxcb-dri3-0 amd64 1.17.0-2+b1 [107 kB]
#7 27.31 Get:84 http://deb.debian.org/debian trixie/main amd64 libxcb-present0 amd64 1.17.0-2+b1 [106 kB]
#7 27.34 Get:85 http://deb.debian.org/debian trixie/main amd64 libxcb-randr0 amd64 1.17.0-2+b1 [117 kB]
#7 27.35 Get:86 http://deb.debian.org/debian trixie/main amd64 libxcb-sync1 amd64 1.17.0-2+b1 [109 kB]
#7 27.36 Get:87 http://deb.debian.org/debian trixie/main amd64 libxcb-xfixes0 amd64 1.17.0-2+b1 [109 kB]
#7 27.38 Get:88 http://deb.debian.org/debian trixie/main amd64 libxshmfence1 amd64 1.3.3-1 [10.9 kB]
#7 27.38 Get:89 http://deb.debian.org/debian trixie/main amd64 mesa-libgallium amd64 25.0.7-2 [9629 kB]
#7 28.82 Get:90 http://deb.debian.org/debian trixie/main amd64 libgbm1 amd64 25.0.7-2 [44.4 kB]
#7 28.82 Get:91 http://deb.debian.org/debian trixie/main amd64 libglvnd0 amd64 1.7.0-1+b2 [52.0 kB]
#7 28.83 Get:92 http://deb.debian.org/debian trixie/main amd64 libxcb-glx0 amd64 1.17.0-2+b1 [122 kB]
#7 28.85 Get:93 http://deb.debian.org/debian trixie/main amd64 libxcb-shm0 amd64 1.17.0-2+b1 [105 kB]
#7 28.87 Get:94 http://deb.debian.org/debian trixie/main amd64 libxext6 amd64 2:1.3.4-1+b3 [50.4 kB]
#7 28.88 Get:95 http://deb.debian.org/debian trixie/main amd64 libxxf86vm1 amd64 1:1.1.4-1+b4 [19.3 kB]
#7 28.91 Get:96 http://deb.debian.org/debian trixie/main amd64 libvulkan1 amd64 1.4.309.0-1 [130 kB]
#7 28.93 Get:97 http://deb.debian.org/debian trixie/main amd64 libgl1-mesa-dri amd64 25.0.7-2 [46.1 kB]
#7 28.93 Get:98 http://deb.debian.org/debian trixie/main amd64 libglx-mesa0 amd64 25.0.7-2 [143 kB]
#7 28.95 Get:99 http://deb.debian.org/debian trixie/main amd64 libglx0 amd64 1.7.0-1+b2 [34.9 kB]
#7 28.96 Get:100 http://deb.debian.org/debian trixie/main amd64 libgl1 amd64 1.7.0-1+b2 [89.5 kB]
#7 28.97 Get:101 http://deb.debian.org/debian trixie/main amd64 libglib2.0-0t64 amd64 2.84.4-3~deb13u2 [1518 kB]
#7 29.20 Get:102 http://deb.debian.org/debian trixie/main amd64 libglib2.0-data all 2.84.4-3~deb13u2 [1286 kB]
#7 29.39 Get:103 http://deb.debian.org/debian trixie/main amd64 libgpg-error-l10n all 1.51-4 [114 kB]
#7 29.40 Get:104 http://deb.debian.org/debian trixie/main amd64 libldap-common all 2.6.10+dfsg-1 [35.1 kB]
#7 29.41 Get:105 http://deb.debian.org/debian trixie/main amd64 libsasl2-modules amd64 2.1.28+dfsg1-9 [66.7 kB]
#7 29.42 Get:106 http://deb.debian.org/debian trixie/main amd64 libwayland-client0 amd64 1.23.1-3 [26.8 kB]
#7 29.42 Get:107 http://deb.debian.org/debian trixie/main amd64 manpages-dev all 6.9.1-1 [2122 kB]
#7 29.75 Get:108 http://deb.debian.org/debian trixie/main amd64 mesa-vulkan-drivers amd64 25.0.7-2 [14.2 MB]
#7 31.98 Get:109 http://deb.debian.org/debian trixie/main amd64 publicsuffix all 20250328.1952-0.1 [296 kB]
#7 32.02 Get:110 http://deb.debian.org/debian trixie/main amd64 shared-mime-info amd64 2.4-5+b2 [760 kB]
#7 32.14 Get:111 http://deb.debian.org/debian trixie/main amd64 xdg-user-dirs amd64 0.18-2 [53.2 kB]
#7 32.14 Get:112 http://deb.debian.org/debian trixie/main amd64 gnupg-utils amd64 2.4.7-21+deb13u1+b1 [195 kB]
#7 32.30 debconf: unable to initialize frontend: Dialog
#7 32.30 debconf: (TERM is not set, so the dialog frontend is not usable.)
#7 32.30 debconf: falling back to frontend: Readline
#7 32.30 debconf: unable to initialize frontend: Readline
#7 32.30 debconf: (Can't locate Term/ReadLine.pm in @INC (you may need to install the Term::ReadLine module) (@INC entries checked: /etc/perl /usr/local/lib/x86_64-linux-gnu/perl/5.40.1 /usr/local/share/perl/5.40.1 /usr/lib/x86_64-linux-gnu/perl5/5.40 /usr/share/perl5 /usr/lib/x86_64-linux-gnu/perl-base /usr/lib/x86_64-linux-gnu/perl/5.40 /usr/share/perl/5.40 /usr/local/lib/site_perl) at /usr/share/perl5/Debconf/FrontEnd/Readline.pm line 8, <STDIN> line 112.)
#7 32.30 debconf: falling back to frontend: Teletype
#7 32.30 debconf: unable to initialize frontend: Teletype
#7 32.30 debconf: (This frontend requires a controlling tty.)
#7 32.30 debconf: falling back to frontend: Noninteractive
#7 33.84 Fetched 136 MB in 28s (4916 kB/s)
#7 33.92 Selecting previously unselected package libexpat1:amd64.
#7 33.92 (Reading database ... 
(Reading database ... 5%
(Reading database ... 10%
(Reading database ... 15%
(Reading database ... 20%
(Reading database ... 25%
(Reading database ... 30%
(Reading database ... 35%
(Reading database ... 40%
(Reading database ... 45%
(Reading database ... 50%
(Reading database ... 55%
(Reading database ... 60%
(Reading database ... 65%
(Reading database ... 70%
(Reading database ... 75%
(Reading database ... 80%
(Reading database ... 85%
(Reading database ... 90%
(Reading database ... 95%
(Reading database ... 100%
(Reading database ... 5645 files and directories currently installed.)
#7 33.92 Preparing to unpack .../000-libexpat1_2.7.1-2_amd64.deb ...
#7 33.96 Unpacking libexpat1:amd64 (2.7.1-2) ...
#7 34.06 Selecting previously unselected package manpages.
#7 34.06 Preparing to unpack .../001-manpages_6.9.1-1_all.deb ...
#7 34.07 Unpacking manpages (6.9.1-1) ...
#7 34.19 Selecting previously unselected package libunistring5:amd64.
#7 34.19 Preparing to unpack .../002-libunistring5_1.3-2_amd64.deb ...
#7 34.21 Unpacking libunistring5:amd64 (1.3-2) ...
#7 34.33 Selecting previously unselected package libidn2-0:amd64.
#7 34.33 Preparing to unpack .../003-libidn2-0_2.3.8-2_amd64.deb ...
#7 34.34 Unpacking libidn2-0:amd64 (2.3.8-2) ...
#7 34.44 Selecting previously unselected package libp11-kit0:amd64.
#7 34.44 Preparing to unpack .../004-libp11-kit0_0.25.5-3_amd64.deb ...
#7 34.46 Unpacking libp11-kit0:amd64 (0.25.5-3) ...
#7 34.61 Selecting previously unselected package libtasn1-6:amd64.
#7 34.61 Preparing to unpack .../005-libtasn1-6_4.20.0-2_amd64.deb ...
#7 34.62 Unpacking libtasn1-6:amd64 (4.20.0-2) ...
#7 34.77 Selecting previously unselected package libgnutls30t64:amd64.
#7 34.77 Preparing to unpack .../006-libgnutls30t64_3.8.9-3+deb13u2_amd64.deb ...
#7 34.79 Unpacking libgnutls30t64:amd64 (3.8.9-3+deb13u2) ...
#7 34.96 Selecting previously unselected package libpsl5t64:amd64.
#7 34.96 Preparing to unpack .../007-libpsl5t64_0.21.2-1.1+b1_amd64.deb ...
#7 34.98 Unpacking libpsl5t64:amd64 (0.21.2-1.1+b1) ...
#7 35.08 Selecting previously unselected package wget.
#7 35.08 Preparing to unpack .../008-wget_1.25.0-2_amd64.deb ...
#7 35.10 Unpacking wget (1.25.0-2) ...
#7 35.22 Selecting previously unselected package libsframe1:amd64.
#7 35.22 Preparing to unpack .../009-libsframe1_2.44-3_amd64.deb ...
#7 35.24 Unpacking libsframe1:amd64 (2.44-3) ...
#7 35.33 Selecting previously unselected package binutils-common:amd64.
#7 35.33 Preparing to unpack .../010-binutils-common_2.44-3_amd64.deb ...
#7 35.34 Unpacking binutils-common:amd64 (2.44-3) ...
#7 35.51 Selecting previously unselected package libbinutils:amd64.
#7 35.51 Preparing to unpack .../011-libbinutils_2.44-3_amd64.deb ...
#7 35.53 Unpacking libbinutils:amd64 (2.44-3) ...
#7 35.71 Selecting previously unselected package libgprofng0:amd64.
#7 35.71 Preparing to unpack .../012-libgprofng0_2.44-3_amd64.deb ...
#7 35.73 Unpacking libgprofng0:amd64 (2.44-3) ...
#7 35.89 Selecting previously unselected package libctf-nobfd0:amd64.
#7 35.89 Preparing to unpack .../013-libctf-nobfd0_2.44-3_amd64.deb ...
#7 35.91 Unpacking libctf-nobfd0:amd64 (2.44-3) ...
#7 36.04 Selecting previously unselected package libctf0:amd64.
#7 36.04 Preparing to unpack .../014-libctf0_2.44-3_amd64.deb ...
#7 36.06 Unpacking libctf0:amd64 (2.44-3) ...
#7 36.17 Selecting previously unselected package libjansson4:amd64.
#7 36.17 Preparing to unpack .../015-libjansson4_2.14-2+b3_amd64.deb ...
#7 36.19 Unpacking libjansson4:amd64 (2.14-2+b3) ...
#7 36.27 Selecting previously unselected package binutils-x86-64-linux-gnu.
#7 36.27 Preparing to unpack .../016-binutils-x86-64-linux-gnu_2.44-3_amd64.deb ...
#7 36.28 Unpacking binutils-x86-64-linux-gnu (2.44-3) ...
#7 36.45 Selecting previously unselected package binutils.
#7 36.45 Preparing to unpack .../017-binutils_2.44-3_amd64.deb ...
#7 36.47 Unpacking binutils (2.44-3) ...
#7 36.58 Selecting previously unselected package libisl23:amd64.
#7 36.58 Preparing to unpack .../018-libisl23_0.27-1_amd64.deb ...
#7 36.59 Unpacking libisl23:amd64 (0.27-1) ...
#7 36.79 Selecting previously unselected package libmpfr6:amd64.
#7 36.79 Preparing to unpack .../019-libmpfr6_4.2.2-1_amd64.deb ...
#7 36.81 Unpacking libmpfr6:amd64 (4.2.2-1) ...
#7 36.96 Selecting previously unselected package libmpc3:amd64.
#7 36.96 Preparing to unpack .../020-libmpc3_1.3.1-1+b3_amd64.deb ...
#7 36.97 Unpacking libmpc3:amd64 (1.3.1-1+b3) ...
#7 37.08 Selecting previously unselected package cpp-14-x86-64-linux-gnu.
#7 37.08 Preparing to unpack .../021-cpp-14-x86-64-linux-gnu_14.2.0-19_amd64.deb ...
#7 37.10 Unpacking cpp-14-x86-64-linux-gnu (14.2.0-19) ...
#7 37.46 Selecting previously unselected package cpp-14.
#7 37.46 Preparing to unpack .../022-cpp-14_14.2.0-19_amd64.deb ...
#7 37.48 Unpacking cpp-14 (14.2.0-19) ...
#7 37.56 Selecting previously unselected package cpp-x86-64-linux-gnu.
#7 37.56 Preparing to unpack .../023-cpp-x86-64-linux-gnu_4%3a14.2.0-1_amd64.deb ...
#7 37.57 Unpacking cpp-x86-64-linux-gnu (4:14.2.0-1) ...
#7 37.72 Selecting previously unselected package cpp.
#7 37.72 Preparing to unpack .../024-cpp_4%3a14.2.0-1_amd64.deb ...
#7 37.74 Unpacking cpp (4:14.2.0-1) ...
#7 37.87 Selecting previously unselected package libgpg-error0:amd64.
#7 37.88 Preparing to unpack .../025-libgpg-error0_1.51-4_amd64.deb ...
#7 37.89 Unpacking libgpg-error0:amd64 (1.51-4) ...
#7 38.04 Selecting previously unselected package libassuan9:amd64.
#7 38.04 Preparing to unpack .../026-libassuan9_3.0.2-2_amd64.deb ...
#7 38.06 Unpacking libassuan9:amd64 (3.0.2-2) ...
#7 38.19 Selecting previously unselected package libgcrypt20:amd64.
#7 38.20 Preparing to unpack .../027-libgcrypt20_1.11.0-7_amd64.deb ...
#7 38.21 Unpacking libgcrypt20:amd64 (1.11.0-7) ...
#7 38.30 Selecting previously unselected package gpgconf.
#7 38.30 Preparing to unpack .../028-gpgconf_2.4.7-21+deb13u1+b1_amd64.deb ...
#7 38.32 Unpacking gpgconf (2.4.7-21+deb13u1+b1) ...
#7 38.42 Selecting previously unselected package libksba8:amd64.
#7 38.42 Preparing to unpack .../029-libksba8_1.6.7-2+b1_amd64.deb ...
#7 38.43 Unpacking libksba8:amd64 (1.6.7-2+b1) ...
#7 38.52 Selecting previously unselected package libsasl2-modules-db:amd64.
#7 38.52 Preparing to unpack .../030-libsasl2-modules-db_2.1.28+dfsg1-9_amd64.deb ...
#7 38.53 Unpacking libsasl2-modules-db:amd64 (2.1.28+dfsg1-9) ...
#7 38.62 Selecting previously unselected package libsasl2-2:amd64.
#7 38.62 Preparing to unpack .../031-libsasl2-2_2.1.28+dfsg1-9_amd64.deb ...
#7 38.63 Unpacking libsasl2-2:amd64 (2.1.28+dfsg1-9) ...
#7 38.74 Selecting previously unselected package libldap2:amd64.
#7 38.74 Preparing to unpack .../032-libldap2_2.6.10+dfsg-1_amd64.deb ...
#7 38.76 Unpacking libldap2:amd64 (2.6.10+dfsg-1) ...
#7 38.90 Selecting previously unselected package libnpth0t64:amd64.
#7 38.91 Preparing to unpack .../033-libnpth0t64_1.8-3_amd64.deb ...
#7 38.92 Unpacking libnpth0t64:amd64 (1.8-3) ...
#7 39.06 Selecting previously unselected package dirmngr.
#7 39.06 Preparing to unpack .../034-dirmngr_2.4.7-21+deb13u1+b1_amd64.deb ...
#7 39.10 Unpacking dirmngr (2.4.7-21+deb13u1+b1) ...
#7 39.24 Selecting previously unselected package libcc1-0:amd64.
#7 39.24 Preparing to unpack .../035-libcc1-0_14.2.0-19_amd64.deb ...
#7 39.25 Unpacking libcc1-0:amd64 (14.2.0-19) ...
#7 39.35 Selecting previously unselected package libgomp1:amd64.
#7 39.36 Preparing to unpack .../036-libgomp1_14.2.0-19_amd64.deb ...
#7 39.37 Unpacking libgomp1:amd64 (14.2.0-19) ...
#7 39.47 Selecting previously unselected package libitm1:amd64.
#7 39.47 Preparing to unpack .../037-libitm1_14.2.0-19_amd64.deb ...
#7 39.49 Unpacking libitm1:amd64 (14.2.0-19) ...
#7 39.58 Selecting previously unselected package libatomic1:amd64.
#7 39.58 Preparing to unpack .../038-libatomic1_14.2.0-19_amd64.deb ...
#7 39.60 Unpacking libatomic1:amd64 (14.2.0-19) ...
#7 39.70 Selecting previously unselected package libasan8:amd64.
#7 39.70 Preparing to unpack .../039-libasan8_14.2.0-19_amd64.deb ...
#7 39.71 Unpacking libasan8:amd64 (14.2.0-19) ...
#7 39.95 Selecting previously unselected package liblsan0:amd64.
#7 39.95 Preparing to unpack .../040-liblsan0_14.2.0-19_amd64.deb ...
#7 39.97 Unpacking liblsan0:amd64 (14.2.0-19) ...
#7 40.14 Selecting previously unselected package libtsan2:amd64.
#7 40.14 Preparing to unpack .../041-libtsan2_14.2.0-19_amd64.deb ...
#7 40.16 Unpacking libtsan2:amd64 (14.2.0-19) ...
#7 40.36 Selecting previously unselected package libubsan1:amd64.
#7 40.36 Preparing to unpack .../042-libubsan1_14.2.0-19_amd64.deb ...
#7 40.38 Unpacking libubsan1:amd64 (14.2.0-19) ...
#7 40.51 Selecting previously unselected package libhwasan0:amd64.
#7 40.51 Preparing to unpack .../043-libhwasan0_14.2.0-19_amd64.deb ...
#7 40.52 Unpacking libhwasan0:amd64 (14.2.0-19) ...
#7 40.67 Selecting previously unselected package libquadmath0:amd64.
#7 40.67 Preparing to unpack .../044-libquadmath0_14.2.0-19_amd64.deb ...
#7 40.69 Unpacking libquadmath0:amd64 (14.2.0-19) ...
#7 40.77 Selecting previously unselected package libgcc-14-dev:amd64.
#7 40.77 Preparing to unpack .../045-libgcc-14-dev_14.2.0-19_amd64.deb ...
#7 40.78 Unpacking libgcc-14-dev:amd64 (14.2.0-19) ...
#7 40.98 Selecting previously unselected package gcc-14-x86-64-linux-gnu.
#7 40.99 Preparing to unpack .../046-gcc-14-x86-64-linux-gnu_14.2.0-19_amd64.deb ...
#7 41.00 Unpacking gcc-14-x86-64-linux-gnu (14.2.0-19) ...
#7 41.45 Selecting previously unselected package gcc-14.
#7 41.45 Preparing to unpack .../047-gcc-14_14.2.0-19_amd64.deb ...
#7 41.46 Unpacking gcc-14 (14.2.0-19) ...
#7 41.55 Selecting previously unselected package gcc-x86-64-linux-gnu.
#7 41.55 Preparing to unpack .../048-gcc-x86-64-linux-gnu_4%3a14.2.0-1_amd64.deb ...
#7 41.56 Unpacking gcc-x86-64-linux-gnu (4:14.2.0-1) ...
#7 41.65 Selecting previously unselected package gcc.
#7 41.65 Preparing to unpack .../049-gcc_4%3a14.2.0-1_amd64.deb ...
#7 41.67 Unpacking gcc (4:14.2.0-1) ...
#7 41.74 Selecting previously unselected package gnupg-l10n.
#7 41.74 Preparing to unpack .../050-gnupg-l10n_2.4.7-21+deb13u1_all.deb ...
#7 41.76 Unpacking gnupg-l10n (2.4.7-21+deb13u1) ...
#7 41.89 Selecting previously unselected package gpg.
#7 41.89 Preparing to unpack .../051-gpg_2.4.7-21+deb13u1+b1_amd64.deb ...
#7 41.91 Unpacking gpg (2.4.7-21+deb13u1+b1) ...
#7 42.07 Selecting previously unselected package pinentry-curses.
#7 42.07 Preparing to unpack .../052-pinentry-curses_1.3.1-2_amd64.deb ...
#7 42.09 Unpacking pinentry-curses (1.3.1-2) ...
#7 42.23 Selecting previously unselected package gpg-agent.
#7 42.23 Preparing to unpack .../053-gpg-agent_2.4.7-21+deb13u1+b1_amd64.deb ...
#7 42.25 Unpacking gpg-agent (2.4.7-21+deb13u1+b1) ...
#7 42.36 Selecting previously unselected package gpgsm.
#7 42.36 Preparing to unpack .../054-gpgsm_2.4.7-21+deb13u1+b1_amd64.deb ...
#7 42.37 Unpacking gpgsm (2.4.7-21+deb13u1+b1) ...
#7 42.46 Selecting previously unselected package gnupg.
#7 42.46 Preparing to unpack .../055-gnupg_2.4.7-21+deb13u1_all.deb ...
#7 42.48 Unpacking gnupg (2.4.7-21+deb13u1) ...
#7 42.57 Selecting previously unselected package gpg-wks-client.
#7 42.57 Preparing to unpack .../056-gpg-wks-client_2.4.7-21+deb13u1+b1_amd64.deb ...
#7 42.58 Unpacking gpg-wks-client (2.4.7-21+deb13u1+b1) ...
#7 42.66 Selecting previously unselected package gpgv.
#7 42.66 Preparing to unpack .../057-gpgv_2.4.7-21+deb13u1+b1_amd64.deb ...
#7 42.68 Unpacking gpgv (2.4.7-21+deb13u1+b1) ...
#7 42.76 Selecting previously unselected package libc-dev-bin.
#7 42.76 Preparing to unpack .../058-libc-dev-bin_2.41-12+deb13u1_amd64.deb ...
#7 42.78 Unpacking libc-dev-bin (2.41-12+deb13u1) ...
#7 42.86 Selecting previously unselected package linux-libc-dev.
#7 42.86 Preparing to unpack .../059-linux-libc-dev_6.12.73-1_all.deb ...
#7 42.88 Unpacking linux-libc-dev (6.12.73-1) ...
#7 43.31 Selecting previously unselected package libcrypt-dev:amd64.
#7 43.32 Preparing to unpack .../060-libcrypt-dev_1%3a4.4.38-1_amd64.deb ...
#7 43.33 Unpacking libcrypt-dev:amd64 (1:4.4.38-1) ...
#7 43.44 Selecting previously unselected package rpcsvc-proto.
#7 43.44 Preparing to unpack .../061-rpcsvc-proto_1.4.3-1_amd64.deb ...
#7 43.45 Unpacking rpcsvc-proto (1.4.3-1) ...
#7 43.53 Selecting previously unselected package libc6-dev:amd64.
#7 43.53 Preparing to unpack .../062-libc6-dev_2.41-12+deb13u1_amd64.deb ...
#7 43.55 Unpacking libc6-dev:amd64 (2.41-12+deb13u1) ...
#7 43.70 Selecting previously unselected package libdrm-common.
#7 43.70 Preparing to unpack .../063-libdrm-common_2.4.124-2_all.deb ...
#7 43.72 Unpacking libdrm-common (2.4.124-2) ...
#7 43.82 Selecting previously unselected package libdrm2:amd64.
#7 43.82 Preparing to unpack .../064-libdrm2_2.4.124-2_amd64.deb ...
#7 43.83 Unpacking libdrm2:amd64 (2.4.124-2) ...
#7 43.94 Selecting previously unselected package libdrm-amdgpu1:amd64.
#7 43.94 Preparing to unpack .../065-libdrm-amdgpu1_2.4.124-2_amd64.deb ...
#7 43.95 Unpacking libdrm-amdgpu1:amd64 (2.4.124-2) ...
#7 44.10 Selecting previously unselected package libpciaccess0:amd64.
#7 44.11 Preparing to unpack .../066-libpciaccess0_0.17-3+b3_amd64.deb ...
#7 44.12 Unpacking libpciaccess0:amd64 (0.17-3+b3) ...
#7 44.27 Selecting previously unselected package libdrm-intel1:amd64.
#7 44.27 Preparing to unpack .../067-libdrm-intel1_2.4.124-2_amd64.deb ...
#7 44.28 Unpacking libdrm-intel1:amd64 (2.4.124-2) ...
#7 44.41 Selecting previously unselected package libedit2:amd64.
#7 44.41 Preparing to unpack .../068-libedit2_3.1-20250104-1_amd64.deb ...
#7 44.42 Unpacking libedit2:amd64 (3.1-20250104-1) ...
#7 44.54 Selecting previously unselected package libelf1t64:amd64.
#7 44.54 Preparing to unpack .../069-libelf1t64_0.192-4_amd64.deb ...
#7 44.56 Unpacking libelf1t64:amd64 (0.192-4) ...
#7 44.66 Selecting previously unselected package libwayland-server0:amd64.
#7 44.66 Preparing to unpack .../070-libwayland-server0_1.23.1-3_amd64.deb ...
#7 44.67 Unpacking libwayland-server0:amd64 (1.23.1-3) ...
#7 44.77 Selecting previously unselected package libxml2:amd64.
#7 44.77 Preparing to unpack .../071-libxml2_2.12.7+dfsg+really2.9.14-2.1+deb13u2_amd64.deb ...
#7 44.79 Unpacking libxml2:amd64 (2.12.7+dfsg+really2.9.14-2.1+deb13u2) ...
#7 44.90 Selecting previously unselected package libz3-4:amd64.
#7 44.90 Preparing to unpack .../072-libz3-4_4.13.3-1_amd64.deb ...
#7 44.92 Unpacking libz3-4:amd64 (4.13.3-1) ...
#7 45.31 Selecting previously unselected package libllvm19:amd64.
#7 45.31 Preparing to unpack .../073-libllvm19_1%3a19.1.7-3+b1_amd64.deb ...
#7 45.33 Unpacking libllvm19:amd64 (1:19.1.7-3+b1) ...
#7 45.83 Selecting previously unselected package libsensors-config.
#7 45.83 Preparing to unpack .../074-libsensors-config_1%3a3.6.2-2_all.deb ...
#7 45.85 Unpacking libsensors-config (1:3.6.2-2) ...
#7 45.95 Selecting previously unselected package libsensors5:amd64.
#7 45.95 Preparing to unpack .../075-libsensors5_1%3a3.6.2-2_amd64.deb ...
#7 45.97 Unpacking libsensors5:amd64 (1:3.6.2-2) ...
#7 46.06 Selecting previously unselected package libxau6:amd64.
#7 46.07 Preparing to unpack .../076-libxau6_1%3a1.0.11-1_amd64.deb ...
#7 46.08 Unpacking libxau6:amd64 (1:1.0.11-1) ...
#7 46.21 Selecting previously unselected package libxdmcp6:amd64.
#7 46.21 Preparing to unpack .../077-libxdmcp6_1%3a1.1.5-1_amd64.deb ...
#7 46.23 Unpacking libxdmcp6:amd64 (1:1.1.5-1) ...
#7 46.36 Selecting previously unselected package libxcb1:amd64.
#7 46.36 Preparing to unpack .../078-libxcb1_1.17.0-2+b1_amd64.deb ...
#7 46.38 Unpacking libxcb1:amd64 (1.17.0-2+b1) ...
#7 46.51 Selecting previously unselected package libx11-data.
#7 46.52 Preparing to unpack .../079-libx11-data_2%3a1.8.12-1_all.deb ...
#7 46.54 Unpacking libx11-data (2:1.8.12-1) ...
#7 46.68 Selecting previously unselected package libx11-6:amd64.
#7 46.68 Preparing to unpack .../080-libx11-6_2%3a1.8.12-1_amd64.deb ...
#7 46.69 Unpacking libx11-6:amd64 (2:1.8.12-1) ...
#7 46.81 Selecting previously unselected package libx11-xcb1:amd64.
#7 46.81 Preparing to unpack .../081-libx11-xcb1_2%3a1.8.12-1_amd64.deb ...
#7 46.82 Unpacking libx11-xcb1:amd64 (2:1.8.12-1) ...
#7 46.93 Selecting previously unselected package libxcb-dri3-0:amd64.
#7 46.93 Preparing to unpack .../082-libxcb-dri3-0_1.17.0-2+b1_amd64.deb ...
#7 46.94 Unpacking libxcb-dri3-0:amd64 (1.17.0-2+b1) ...
#7 47.05 Selecting previously unselected package libxcb-present0:amd64.
#7 47.05 Preparing to unpack .../083-libxcb-present0_1.17.0-2+b1_amd64.deb ...
#7 47.11 Unpacking libxcb-present0:amd64 (1.17.0-2+b1) ...
#7 47.28 Selecting previously unselected package libxcb-randr0:amd64.
#7 47.28 Preparing to unpack .../084-libxcb-randr0_1.17.0-2+b1_amd64.deb ...
#7 47.30 Unpacking libxcb-randr0:amd64 (1.17.0-2+b1) ...
#7 47.42 Selecting previously unselected package libxcb-sync1:amd64.
#7 47.42 Preparing to unpack .../085-libxcb-sync1_1.17.0-2+b1_amd64.deb ...
#7 47.44 Unpacking libxcb-sync1:amd64 (1.17.0-2+b1) ...
#7 47.57 Selecting previously unselected package libxcb-xfixes0:amd64.
#7 47.57 Preparing to unpack .../086-libxcb-xfixes0_1.17.0-2+b1_amd64.deb ...
#7 47.59 Unpacking libxcb-xfixes0:amd64 (1.17.0-2+b1) ...
#7 47.73 Selecting previously unselected package libxshmfence1:amd64.
#7 47.73 Preparing to unpack .../087-libxshmfence1_1.3.3-1_amd64.deb ...
#7 47.75 Unpacking libxshmfence1:amd64 (1.3.3-1) ...
#7 47.84 Selecting previously unselected package mesa-libgallium:amd64.
#7 47.84 Preparing to unpack .../088-mesa-libgallium_25.0.7-2_amd64.deb ...
#7 47.85 Unpacking mesa-libgallium:amd64 (25.0.7-2) ...
#7 48.23 Selecting previously unselected package libgbm1:amd64.
#7 48.23 Preparing to unpack .../089-libgbm1_25.0.7-2_amd64.deb ...
#7 48.26 Unpacking libgbm1:amd64 (25.0.7-2) ...
#7 48.38 Selecting previously unselected package libglvnd0:amd64.
#7 48.38 Preparing to unpack .../090-libglvnd0_1.7.0-1+b2_amd64.deb ...
#7 48.40 Unpacking libglvnd0:amd64 (1.7.0-1+b2) ...
#7 48.54 Selecting previously unselected package libxcb-glx0:amd64.
#7 48.54 Preparing to unpack .../091-libxcb-glx0_1.17.0-2+b1_amd64.deb ...
#7 48.55 Unpacking libxcb-glx0:amd64 (1.17.0-2+b1) ...
#7 48.68 Selecting previously unselected package libxcb-shm0:amd64.
#7 48.68 Preparing to unpack .../092-libxcb-shm0_1.17.0-2+b1_amd64.deb ...
#7 48.70 Unpacking libxcb-shm0:amd64 (1.17.0-2+b1) ...
#7 48.80 Selecting previously unselected package libxext6:amd64.
#7 48.80 Preparing to unpack .../093-libxext6_2%3a1.3.4-1+b3_amd64.deb ...
#7 48.81 Unpacking libxext6:amd64 (2:1.3.4-1+b3) ...
#7 48.91 Selecting previously unselected package libxxf86vm1:amd64.
#7 48.91 Preparing to unpack .../094-libxxf86vm1_1%3a1.1.4-1+b4_amd64.deb ...
#7 48.92 Unpacking libxxf86vm1:amd64 (1:1.1.4-1+b4) ...
#7 49.02 Selecting previously unselected package libvulkan1:amd64.
#7 49.02 Preparing to unpack .../095-libvulkan1_1.4.309.0-1_amd64.deb ...
#7 49.04 Unpacking libvulkan1:amd64 (1.4.309.0-1) ...
#7 49.15 Selecting previously unselected package libgl1-mesa-dri:amd64.
#7 49.15 Preparing to unpack .../096-libgl1-mesa-dri_25.0.7-2_amd64.deb ...
#7 49.17 Unpacking libgl1-mesa-dri:amd64 (25.0.7-2) ...
#7 49.30 Selecting previously unselected package libglx-mesa0:amd64.
#7 49.30 Preparing to unpack .../097-libglx-mesa0_25.0.7-2_amd64.deb ...
#7 49.32 Unpacking libglx-mesa0:amd64 (25.0.7-2) ...
#7 49.48 Selecting previously unselected package libglx0:amd64.
#7 49.48 Preparing to unpack .../098-libglx0_1.7.0-1+b2_amd64.deb ...
#7 49.50 Unpacking libglx0:amd64 (1.7.0-1+b2) ...
#7 49.62 Selecting previously unselected package libgl1:amd64.
#7 49.62 Preparing to unpack .../099-libgl1_1.7.0-1+b2_amd64.deb ...
#7 49.64 Unpacking libgl1:amd64 (1.7.0-1+b2) ...
#7 49.82 Selecting previously unselected package libglib2.0-0t64:amd64.
#7 49.82 Preparing to unpack .../100-libglib2.0-0t64_2.84.4-3~deb13u2_amd64.deb ...
#7 49.84 Unpacking libglib2.0-0t64:amd64 (2.84.4-3~deb13u2) ...
#7 49.97 Selecting previously unselected package libglib2.0-data.
#7 49.97 Preparing to unpack .../101-libglib2.0-data_2.84.4-3~deb13u2_all.deb ...
#7 49.99 Unpacking libglib2.0-data (2.84.4-3~deb13u2) ...
#7 50.11 Selecting previously unselected package libgpg-error-l10n.
#7 50.11 Preparing to unpack .../102-libgpg-error-l10n_1.51-4_all.deb ...
#7 50.13 Unpacking libgpg-error-l10n (1.51-4) ...
#7 50.22 Selecting previously unselected package libldap-common.
#7 50.22 Preparing to unpack .../103-libldap-common_2.6.10+dfsg-1_all.deb ...
#7 50.23 Unpacking libldap-common (2.6.10+dfsg-1) ...
#7 50.37 Selecting previously unselected package libsasl2-modules:amd64.
#7 50.37 Preparing to unpack .../104-libsasl2-modules_2.1.28+dfsg1-9_amd64.deb ...
#7 50.39 Unpacking libsasl2-modules:amd64 (2.1.28+dfsg1-9) ...
#7 50.53 Selecting previously unselected package libwayland-client0:amd64.
#7 50.53 Preparing to unpack .../105-libwayland-client0_1.23.1-3_amd64.deb ...
#7 50.55 Unpacking libwayland-client0:amd64 (1.23.1-3) ...
#7 50.66 Selecting previously unselected package manpages-dev.
#7 50.66 Preparing to unpack .../106-manpages-dev_6.9.1-1_all.deb ...
#7 50.68 Unpacking manpages-dev (6.9.1-1) ...
#7 50.85 Selecting previously unselected package mesa-vulkan-drivers:amd64.
#7 50.85 Preparing to unpack .../107-mesa-vulkan-drivers_25.0.7-2_amd64.deb ...
#7 50.86 Unpacking mesa-vulkan-drivers:amd64 (25.0.7-2) ...
#7 51.20 Selecting previously unselected package publicsuffix.
#7 51.20 Preparing to unpack .../108-publicsuffix_20250328.1952-0.1_all.deb ...
#7 51.21 Unpacking publicsuffix (20250328.1952-0.1) ...
#7 51.32 Selecting previously unselected package shared-mime-info.
#7 51.32 Preparing to unpack .../109-shared-mime-info_2.4-5+b2_amd64.deb ...
#7 51.34 Unpacking shared-mime-info (2.4-5+b2) ...
#7 51.55 Selecting previously unselected package xdg-user-dirs.
#7 51.55 Preparing to unpack .../110-xdg-user-dirs_0.18-2_amd64.deb ...
#7 51.57 Unpacking xdg-user-dirs (0.18-2) ...
#7 51.68 Selecting previously unselected package gnupg-utils.
#7 51.68 Preparing to unpack .../111-gnupg-utils_2.4.7-21+deb13u1+b1_amd64.deb ...
#7 51.70 Unpacking gnupg-utils (2.4.7-21+deb13u1+b1) ...
#7 51.82 Setting up libexpat1:amd64 (2.7.1-2) ...
#7 51.88 Setting up libwayland-server0:amd64 (1.23.1-3) ...
#7 51.93 Setting up libpciaccess0:amd64 (0.17-3+b3) ...
#7 51.97 Setting up libxau6:amd64 (1:1.0.11-1) ...
#7 52.02 Setting up libxdmcp6:amd64 (1:1.1.5-1) ...
#7 52.06 Setting up libnpth0t64:amd64 (1.8-3) ...
#7 52.11 Setting up libxcb1:amd64 (1.17.0-2+b1) ...
#7 52.15 Setting up libxcb-xfixes0:amd64 (1.17.0-2+b1) ...
#7 52.20 Setting up libgpg-error0:amd64 (1.51-4) ...
#7 52.24 Setting up xdg-user-dirs (0.18-2) ...
#7 52.33 Setting up manpages (6.9.1-1) ...
#7 52.37 Setting up libglvnd0:amd64 (1.7.0-1+b2) ...
#7 52.42 Setting up libxcb-glx0:amd64 (1.17.0-2+b1) ...
#7 52.48 Setting up libedit2:amd64 (3.1-20250104-1) ...
#7 52.54 Setting up libsasl2-modules:amd64 (2.1.28+dfsg1-9) ...
#7 52.60 Setting up binutils-common:amd64 (2.44-3) ...
#7 52.66 Setting up libsensors-config (1:3.6.2-2) ...
#7 52.75 Setting up linux-libc-dev (6.12.73-1) ...
#7 52.81 Setting up libctf-nobfd0:amd64 (2.44-3) ...
#7 52.87 Setting up libgcrypt20:amd64 (1.11.0-7) ...
#7 52.93 Setting up libxcb-shm0:amd64 (1.17.0-2+b1) ...
#7 52.97 Setting up libgomp1:amd64 (14.2.0-19) ...
#7 53.02 Setting up libldap-common (2.6.10+dfsg-1) ...
#7 53.07 Setting up libsframe1:amd64 (2.44-3) ...
#7 53.11 Setting up libelf1t64:amd64 (0.192-4) ...
#7 53.16 Setting up libjansson4:amd64 (2.14-2+b3) ...
#7 53.20 Setting up libsasl2-modules-db:amd64 (2.1.28+dfsg1-9) ...
#7 53.24 Setting up libxcb-present0:amd64 (1.17.0-2+b1) ...
#7 53.29 Setting up libz3-4:amd64 (4.13.3-1) ...
#7 53.33 Setting up libglib2.0-data (2.84.4-3~deb13u2) ...
#7 53.37 Setting up rpcsvc-proto (1.4.3-1) ...
#7 53.41 Setting up libx11-data (2:1.8.12-1) ...
#7 53.47 Setting up libmpfr6:amd64 (4.2.2-1) ...
#7 53.53 Setting up gnupg-l10n (2.4.7-21+deb13u1) ...
#7 53.58 Setting up libxcb-sync1:amd64 (1.17.0-2+b1) ...
#7 53.65 Setting up libquadmath0:amd64 (14.2.0-19) ...
#7 53.70 Setting up libp11-kit0:amd64 (0.25.5-3) ...
#7 53.75 Setting up libunistring5:amd64 (1.3-2) ...
#7 53.81 Setting up libmpc3:amd64 (1.3.1-1+b3) ...
#7 53.87 Setting up libatomic1:amd64 (14.2.0-19) ...
#7 53.92 Setting up libsensors5:amd64 (1:3.6.2-2) ...
#7 53.98 Setting up libsasl2-2:amd64 (2.1.28+dfsg1-9) ...
#7 54.02 Setting up libvulkan1:amd64 (1.4.309.0-1) ...
#7 54.06 Setting up libubsan1:amd64 (14.2.0-19) ...
#7 54.11 Setting up libxshmfence1:amd64 (1.3.3-1) ...
#7 54.15 Setting up libhwasan0:amd64 (14.2.0-19) ...
#7 54.20 Setting up gpgv (2.4.7-21+deb13u1+b1) ...
#7 54.24 Setting up libcrypt-dev:amd64 (1:4.4.38-1) ...
#7 54.28 Setting up libxcb-randr0:amd64 (1.17.0-2+b1) ...
#7 54.32 Setting up libasan8:amd64 (14.2.0-19) ...
#7 54.37 Setting up libassuan9:amd64 (3.0.2-2) ...
#7 54.41 Setting up gpgconf (2.4.7-21+deb13u1+b1) ...
#7 54.45 Setting up libtasn1-6:amd64 (4.20.0-2) ...
#7 54.50 Setting up libx11-6:amd64 (2:1.8.12-1) ...
#7 54.56 Setting up libtsan2:amd64 (14.2.0-19) ...
#7 54.61 Setting up libbinutils:amd64 (2.44-3) ...
#7 54.67 Setting up libisl23:amd64 (0.27-1) ...
#7 54.72 Setting up libc-dev-bin (2.41-12+deb13u1) ...
#7 54.79 Setting up libgpg-error-l10n (1.51-4) ...
#7 54.84 Setting up libdrm-common (2.4.124-2) ...
#7 54.90 Setting up publicsuffix (20250328.1952-0.1) ...
#7 54.96 Setting up libxml2:amd64 (2.12.7+dfsg+really2.9.14-2.1+deb13u2) ...
#7 55.03 Setting up libcc1-0:amd64 (14.2.0-19) ...
#7 55.07 Setting up libldap2:amd64 (2.6.10+dfsg-1) ...
#7 55.11 Setting up liblsan0:amd64 (14.2.0-19) ...
#7 55.15 Setting up libitm1:amd64 (14.2.0-19) ...
#7 55.20 Setting up libwayland-client0:amd64 (1.23.1-3) ...
#7 55.24 Setting up libctf0:amd64 (2.44-3) ...
#7 55.28 Setting up libksba8:amd64 (1.6.7-2+b1) ...
#7 55.33 Setting up pinentry-curses (1.3.1-2) ...
#7 55.38 Setting up libxcb-dri3-0:amd64 (1.17.0-2+b1) ...
#7 55.43 Setting up libllvm19:amd64 (1:19.1.7-3+b1) ...
#7 55.47 Setting up manpages-dev (6.9.1-1) ...
#7 55.52 Setting up libx11-xcb1:amd64 (2:1.8.12-1) ...
#7 55.56 Setting up gpg-agent (2.4.7-21+deb13u1+b1) ...
#7 55.92 Setting up gpgsm (2.4.7-21+deb13u1+b1) ...
#7 55.97 Setting up libxext6:amd64 (2:1.3.4-1+b3) ...
#7 56.03 Setting up libidn2-0:amd64 (2.3.8-2) ...
#7 56.09 Setting up libxxf86vm1:amd64 (1:1.1.4-1+b4) ...
#7 56.13 Setting up libglib2.0-0t64:amd64 (2.84.4-3~deb13u2) ...
#7 56.16 No schema files found: doing nothing.
#7 56.18 Setting up libgprofng0:amd64 (2.44-3) ...
#7 56.25 Setting up shared-mime-info (2.4-5+b2) ...
#7 64.32 Setting up cpp-14-x86-64-linux-gnu (14.2.0-19) ...
#7 64.37 Setting up cpp-14 (14.2.0-19) ...
#7 64.43 Setting up libdrm2:amd64 (2.4.124-2) ...
#7 64.48 Setting up libc6-dev:amd64 (2.41-12+deb13u1) ...
#7 64.52 Setting up libgcc-14-dev:amd64 (14.2.0-19) ...
#7 64.56 Setting up gpg (2.4.7-21+deb13u1+b1) ...
#7 64.66 Setting up gnupg-utils (2.4.7-21+deb13u1+b1) ...
#7 64.71 Setting up binutils-x86-64-linux-gnu (2.44-3) ...
#7 64.75 Setting up libdrm-amdgpu1:amd64 (2.4.124-2) ...
#7 64.79 Setting up cpp-x86-64-linux-gnu (4:14.2.0-1) ...
#7 64.83 Setting up libgnutls30t64:amd64 (3.8.9-3+deb13u2) ...
#7 64.88 Setting up mesa-vulkan-drivers:amd64 (25.0.7-2) ...
#7 64.92 Setting up libdrm-intel1:amd64 (2.4.124-2) ...
#7 64.96 Setting up libpsl5t64:amd64 (0.21.2-1.1+b1) ...
#7 65.03 Setting up binutils (2.44-3) ...
#7 65.12 Setting up dirmngr (2.4.7-21+deb13u1+b1) ...
#7 65.26 Setting up cpp (4:14.2.0-1) ...
#7 65.33 Setting up gnupg (2.4.7-21+deb13u1) ...
#7 65.38 Setting up gcc-14-x86-64-linux-gnu (14.2.0-19) ...
#7 65.43 Setting up mesa-libgallium:amd64 (25.0.7-2) ...
#7 65.48 Setting up wget (1.25.0-2) ...
#7 65.54 Setting up gcc-x86-64-linux-gnu (4:14.2.0-1) ...
#7 65.58 Setting up gpg-wks-client (2.4.7-21+deb13u1+b1) ...
#7 65.62 Setting up libgbm1:amd64 (25.0.7-2) ...
#7 65.66 Setting up libgl1-mesa-dri:amd64 (25.0.7-2) ...
#7 65.71 Setting up gcc-14 (14.2.0-19) ...
#7 65.75 Setting up libglx-mesa0:amd64 (25.0.7-2) ...
#7 65.79 Setting up libglx0:amd64 (1.7.0-1+b2) ...
#7 65.84 Setting up gcc (4:14.2.0-1) ...
#7 65.90 Setting up libgl1:amd64 (1.7.0-1+b2) ...
#7 65.95 Processing triggers for libc-bin (2.41-12+deb13u1) ...
#7 66.90 Hit:1 http://deb.debian.org/debian trixie InRelease
#7 66.93 Hit:2 http://deb.debian.org/debian trixie-updates InRelease
#7 66.97 Hit:3 http://deb.debian.org/debian-security trixie-security InRelease
#7 68.10 Get:4 https://apt.repos.intel.com/oneapi all InRelease [5680 B]
#7 68.14 Get:5 https://apt.repos.intel.com/oneapi all/main amd64 Packages [654 kB]
#7 68.38 Get:6 https://apt.repos.intel.com/oneapi all/main all Packages [189 kB]
#7 68.44 Fetched 849 kB in 2s (500 kB/s)
#7 68.44 Reading package lists...
#7 68.83 Reading package lists...
#7 69.18 Building dependency tree...
#7 69.29 Reading state information...
#7 69.31 E: Unable to locate package intel-opencl-icd
#7 69.31 E: Unable to locate package intel-level-zero-gpu
#7 69.31 E: Unable to locate package level-zero
#7 ERROR: process "/bin/sh -c apt-get update && apt-get install -y     libgl1     libglib2.0-0     gcc     wget     gnupg     && wget -qO - https://apt.repos.intel.com/intel-gpg-keys/GPG-PUB-KEY-INTEL-SW-PRODUCTS.PUB | gpg --dearmor -o /usr/share/keyrings/oneapi-archive-keyring.gpg     && echo \"deb [signed-by=/usr/share/keyrings/oneapi-archive-keyring.gpg] https://apt.repos.intel.com/oneapi all main\" > /etc/apt/sources.list.d/oneAPI.list     && apt-get update     && apt-get install -y intel-opencl-icd intel-level-zero-gpu level-zero     && rm -rf /var/lib/apt/lists/*" did not complete successfully: exit code: 100
------
 > [engine 3/6] RUN apt-get update && apt-get install -y     libgl1     libglib2.0-0     gcc     wget     gnupg     && wget -qO - https://apt.repos.intel.com/intel-gpg-keys/GPG-PUB-KEY-INTEL-SW-PRODUCTS.PUB | gpg --dearmor -o /usr/share/keyrings/oneapi-archive-keyring.gpg     && echo "deb [signed-by=/usr/share/keyrings/oneapi-archive-keyring.gpg] https://apt.repos.intel.com/oneapi all main" > /etc/apt/sources.list.d/oneAPI.list     && apt-get update     && apt-get install -y intel-opencl-icd intel-level-zero-gpu level-zero     && rm -rf /var/lib/apt/lists/*:
68.10 Get:4 https://apt.repos.intel.com/oneapi all InRelease [5680 B]
68.14 Get:5 https://apt.repos.intel.com/oneapi all/main amd64 Packages [654 kB]
68.38 Get:6 https://apt.repos.intel.com/oneapi all/main all Packages [189 kB]


69.18 Building dependency tree...
69.29 Reading state information...
69.31 E: Unable to locate package intel-opencl-icd
69.31 E: Unable to locate package intel-level-zero-gpu
69.31 E: Unable to locate package level-zero
------
failed to solve: process "/bin/sh -c apt-get update && apt-get install -y     libgl1     libglib2.0-0     gcc     wget     gnupg     && wget -qO - https://apt.repos.intel.com/intel-gpg-keys/GPG-PUB-KEY-INTEL-SW-PRODUCTS.PUB | gpg --dearmor -o /usr/share/keyrings/oneapi-archive-keyring.gpg     && echo \"deb [signed-by=/usr/share/keyrings/oneapi-archive-keyring.gpg] https://apt.repos.intel.com/oneapi all main\" > /etc/apt/sources.list.d/oneAPI.list     && apt-get update     && apt-get install -y intel-opencl-icd intel-level-zero-gpu level-zero     && rm -rf /var/lib/apt/lists/*" did not complete successfully: exit code: 100
