time="2026-02-24T15:56:05+01:00" level=warning msg="C:\\Users\\christian\\Documents\\LicensePlateControl\\docker-compose.yml: the attribute `version` is obsolete, it will be ignored, please remove it to avoid potential confusion"
#0 building with "desktop-linux" instance using docker driver

#1 [engine internal] load build definition from Dockerfile
#1 transferring dockerfile: 835B done
#1 DONE 0.0s

#2 [engine internal] load metadata for docker.io/library/python:3.10-slim
#2 DONE 0.7s

#3 [engine internal] load .dockerignore
#3 transferring context: 2B done
#3 DONE 0.1s

#4 [engine 1/6] FROM docker.io/library/python:3.10-slim@sha256:e508a34e5491225a76fbb9e0f43ebde1f691c6a689d096d7510cf7fb17d4ba6f
#4 DONE 0.0s

#5 [engine 2/6] WORKDIR /app
#5 CACHED

#6 [engine internal] load build context
#6 transferring context: 155B done
#6 DONE 0.1s

#7 [engine 3/6] RUN apt-get update && apt-get install -y     libgl1     libglib2.0-0     gcc     wget     && cd /tmp     && wget https://github.com/intel/compute-runtime/releases/download/24.13.29138.7/intel-level-zero-gpu_1.3.29138.7_amd64.deb     && wget https://github.com/intel/compute-runtime/releases/download/24.13.29138.7/intel-opencl-icd_24.13.29138.7_amd64.deb     && wget https://github.com/intel/compute-runtime/releases/download/24.13.29138.7/libigdgmm12_22.3.18_amd64.deb     && dpkg -i *.deb     && rm *.deb     && cd /app     && rm -rf /var/lib/apt/lists/*
#7 0.721 Hit:1 http://deb.debian.org/debian trixie InRelease
#7 0.736 Get:2 http://deb.debian.org/debian trixie-updates InRelease [47.3 kB]
#7 0.797 Get:3 http://deb.debian.org/debian-security trixie-security InRelease [43.4 kB]
#7 0.840 Get:4 http://deb.debian.org/debian trixie/main amd64 Packages [9670 kB]
#7 2.338 Get:5 http://deb.debian.org/debian trixie-updates/main amd64 Packages [5412 B]
#7 2.367 Get:6 http://deb.debian.org/debian-security trixie-security/main amd64 Packages [112 kB]
#7 2.841 Fetched 9879 kB in 2s (4276 kB/s)
#7 2.841 Reading package lists...
#7 3.250 Reading package lists...
#7 3.598 Building dependency tree...
#7 3.672 Reading state information...
#7 3.776 The following additional packages will be installed:
#7 3.776   binutils binutils-common binutils-x86-64-linux-gnu cpp cpp-14
#7 3.776   cpp-14-x86-64-linux-gnu cpp-x86-64-linux-gnu gcc-14 gcc-14-x86-64-linux-gnu
#7 3.776   gcc-x86-64-linux-gnu libasan8 libatomic1 libbinutils libc-dev-bin libc6-dev
#7 3.776   libcc1-0 libcrypt-dev libctf-nobfd0 libctf0 libdrm-amdgpu1 libdrm-common
#7 3.776   libdrm-intel1 libdrm2 libedit2 libelf1t64 libexpat1 libgbm1 libgcc-14-dev
#7 3.776   libgl1-mesa-dri libglib2.0-data libglvnd0 libglx-mesa0 libglx0
#7 3.776   libgnutls30t64 libgomp1 libgprofng0 libhwasan0 libidn2-0 libisl23 libitm1
#7 3.776   libjansson4 libllvm19 liblsan0 libmpc3 libmpfr6 libp11-kit0 libpciaccess0
#7 3.777   libpsl5t64 libquadmath0 libsensors-config libsensors5 libsframe1 libtasn1-6
#7 3.777   libtsan2 libubsan1 libunistring5 libvulkan1 libwayland-client0
#7 3.777   libwayland-server0 libx11-6 libx11-data libx11-xcb1 libxau6 libxcb-dri3-0
#7 3.777   libxcb-glx0 libxcb-present0 libxcb-randr0 libxcb-shm0 libxcb-sync1
#7 3.777   libxcb-xfixes0 libxcb1 libxdmcp6 libxext6 libxml2 libxshmfence1 libxxf86vm1
#7 3.777   libz3-4 linux-libc-dev manpages manpages-dev mesa-libgallium
#7 3.777   mesa-vulkan-drivers publicsuffix rpcsvc-proto shared-mime-info xdg-user-dirs
#7 3.777 Suggested packages:
#7 3.777   binutils-doc gprofng-gui binutils-gold cpp-doc gcc-14-locales cpp-14-doc
#7 3.777   gcc-multilib make autoconf automake libtool flex bison gdb gcc-doc
#7 3.777   gcc-14-multilib gcc-14-doc gdb-x86-64-linux-gnu libc-devtools glibc-doc
#7 3.777   low-memory-monitor gnutls-bin pciutils lm-sensors man-browser
#7 4.075 The following NEW packages will be installed:
#7 4.075   binutils binutils-common binutils-x86-64-linux-gnu cpp cpp-14
#7 4.075   cpp-14-x86-64-linux-gnu cpp-x86-64-linux-gnu gcc gcc-14
#7 4.075   gcc-14-x86-64-linux-gnu gcc-x86-64-linux-gnu libasan8 libatomic1 libbinutils
#7 4.075   libc-dev-bin libc6-dev libcc1-0 libcrypt-dev libctf-nobfd0 libctf0
#7 4.075   libdrm-amdgpu1 libdrm-common libdrm-intel1 libdrm2 libedit2 libelf1t64
#7 4.075   libexpat1 libgbm1 libgcc-14-dev libgl1 libgl1-mesa-dri libglib2.0-0t64
#7 4.075   libglib2.0-data libglvnd0 libglx-mesa0 libglx0 libgnutls30t64 libgomp1
#7 4.075   libgprofng0 libhwasan0 libidn2-0 libisl23 libitm1 libjansson4 libllvm19
#7 4.075   liblsan0 libmpc3 libmpfr6 libp11-kit0 libpciaccess0 libpsl5t64 libquadmath0
#7 4.075   libsensors-config libsensors5 libsframe1 libtasn1-6 libtsan2 libubsan1
#7 4.075   libunistring5 libvulkan1 libwayland-client0 libwayland-server0 libx11-6
#7 4.075   libx11-data libx11-xcb1 libxau6 libxcb-dri3-0 libxcb-glx0 libxcb-present0
#7 4.075   libxcb-randr0 libxcb-shm0 libxcb-sync1 libxcb-xfixes0 libxcb1 libxdmcp6
#7 4.075   libxext6 libxml2 libxshmfence1 libxxf86vm1 libz3-4 linux-libc-dev manpages
#7 4.075   manpages-dev mesa-libgallium mesa-vulkan-drivers publicsuffix rpcsvc-proto
#7 4.075   shared-mime-info wget xdg-user-dirs
#7 4.166 0 upgraded, 90 newly installed, 0 to remove and 0 not upgraded.
#7 4.166 Need to get 131 MB of archives.
#7 4.166 After this operation, 552 MB of additional disk space will be used.
#7 4.166 Get:1 http://deb.debian.org/debian trixie/main amd64 libexpat1 amd64 2.7.1-2 [108 kB]
#7 4.264 Get:2 http://deb.debian.org/debian trixie/main amd64 manpages all 6.9.1-1 [1393 kB]
#7 4.618 Get:3 http://deb.debian.org/debian trixie/main amd64 libunistring5 amd64 1.3-2 [477 kB]
#7 4.702 Get:4 http://deb.debian.org/debian trixie/main amd64 libidn2-0 amd64 2.3.8-2 [109 kB]
#7 4.721 Get:5 http://deb.debian.org/debian trixie/main amd64 libp11-kit0 amd64 0.25.5-3 [425 kB]
#7 4.799 Get:6 http://deb.debian.org/debian trixie/main amd64 libtasn1-6 amd64 4.20.0-2 [49.9 kB]
#7 4.806 Get:7 http://deb.debian.org/debian-security trixie-security/main amd64 libgnutls30t64 amd64 3.8.9-3+deb13u2 [1468 kB]
#7 5.090 Get:8 http://deb.debian.org/debian trixie/main amd64 libpsl5t64 amd64 0.21.2-1.1+b1 [57.2 kB]
#7 5.098 Get:9 http://deb.debian.org/debian trixie/main amd64 wget amd64 1.25.0-2 [984 kB]
#7 5.282 Get:10 http://deb.debian.org/debian trixie/main amd64 libsframe1 amd64 2.44-3 [78.4 kB]
#7 5.292 Get:11 http://deb.debian.org/debian trixie/main amd64 binutils-common amd64 2.44-3 [2509 kB]
#7 5.766 Get:12 http://deb.debian.org/debian trixie/main amd64 libbinutils amd64 2.44-3 [534 kB]
#7 5.869 Get:13 http://deb.debian.org/debian trixie/main amd64 libgprofng0 amd64 2.44-3 [808 kB]
#7 6.003 Get:14 http://deb.debian.org/debian trixie/main amd64 libctf-nobfd0 amd64 2.44-3 [156 kB]
#7 6.037 Get:15 http://deb.debian.org/debian trixie/main amd64 libctf0 amd64 2.44-3 [88.6 kB]
#7 6.048 Get:16 http://deb.debian.org/debian trixie/main amd64 libjansson4 amd64 2.14-2+b3 [39.8 kB]
#7 6.058 Get:17 http://deb.debian.org/debian trixie/main amd64 binutils-x86-64-linux-gnu amd64 2.44-3 [1014 kB]
#7 6.239 Get:18 http://deb.debian.org/debian trixie/main amd64 binutils amd64 2.44-3 [265 kB]
#7 6.286 Get:19 http://deb.debian.org/debian trixie/main amd64 libisl23 amd64 0.27-1 [659 kB]
#7 6.397 Get:20 http://deb.debian.org/debian trixie/main amd64 libmpfr6 amd64 4.2.2-1 [729 kB]
#7 6.508 Get:21 http://deb.debian.org/debian trixie/main amd64 libmpc3 amd64 1.3.1-1+b3 [52.2 kB]
#7 6.513 Get:22 http://deb.debian.org/debian trixie/main amd64 cpp-14-x86-64-linux-gnu amd64 14.2.0-19 [11.0 MB]
#7 8.420 Get:23 http://deb.debian.org/debian trixie/main amd64 cpp-14 amd64 14.2.0-19 [1280 B]
#7 8.420 Get:24 http://deb.debian.org/debian trixie/main amd64 cpp-x86-64-linux-gnu amd64 4:14.2.0-1 [4840 B]
#7 8.420 Get:25 http://deb.debian.org/debian trixie/main amd64 cpp amd64 4:14.2.0-1 [1568 B]
#7 8.421 Get:26 http://deb.debian.org/debian trixie/main amd64 libcc1-0 amd64 14.2.0-19 [42.8 kB]
#7 8.424 Get:27 http://deb.debian.org/debian trixie/main amd64 libgomp1 amd64 14.2.0-19 [137 kB]
#7 8.445 Get:28 http://deb.debian.org/debian trixie/main amd64 libitm1 amd64 14.2.0-19 [26.0 kB]
#7 8.541 Get:29 http://deb.debian.org/debian trixie/main amd64 libatomic1 amd64 14.2.0-19 [9308 B]
#7 8.544 Get:30 http://deb.debian.org/debian trixie/main amd64 libasan8 amd64 14.2.0-19 [2725 kB]
#7 8.971 Get:31 http://deb.debian.org/debian trixie/main amd64 liblsan0 amd64 14.2.0-19 [1204 kB]
#7 9.188 Get:32 http://deb.debian.org/debian trixie/main amd64 libtsan2 amd64 14.2.0-19 [2460 kB]
#7 9.646 Get:33 http://deb.debian.org/debian trixie/main amd64 libubsan1 amd64 14.2.0-19 [1074 kB]
#7 9.878 Get:34 http://deb.debian.org/debian trixie/main amd64 libhwasan0 amd64 14.2.0-19 [1488 kB]
#7 10.12 Get:35 http://deb.debian.org/debian trixie/main amd64 libquadmath0 amd64 14.2.0-19 [145 kB]
#7 10.14 Get:36 http://deb.debian.org/debian trixie/main amd64 libgcc-14-dev amd64 14.2.0-19 [2672 kB]
#7 10.65 Get:37 http://deb.debian.org/debian trixie/main amd64 gcc-14-x86-64-linux-gnu amd64 14.2.0-19 [21.4 MB]
#7 14.56 Get:38 http://deb.debian.org/debian trixie/main amd64 gcc-14 amd64 14.2.0-19 [540 kB]
#7 14.72 Get:39 http://deb.debian.org/debian trixie/main amd64 gcc-x86-64-linux-gnu amd64 4:14.2.0-1 [1436 B]
#7 14.72 Get:40 http://deb.debian.org/debian trixie/main amd64 gcc amd64 4:14.2.0-1 [5136 B]
#7 14.74 Get:41 http://deb.debian.org/debian trixie/main amd64 libc-dev-bin amd64 2.41-12+deb13u1 [58.5 kB]
#7 14.74 Get:42 http://deb.debian.org/debian-security trixie-security/main amd64 linux-libc-dev all 6.12.73-1 [2745 kB]
#7 15.45 Get:43 http://deb.debian.org/debian trixie/main amd64 libcrypt-dev amd64 1:4.4.38-1 [119 kB]
#7 15.47 Get:44 http://deb.debian.org/debian trixie/main amd64 rpcsvc-proto amd64 1.4.3-1 [63.3 kB]
#7 15.51 Get:45 http://deb.debian.org/debian trixie/main amd64 libc6-dev amd64 2.41-12+deb13u1 [1994 kB]
#7 16.18 Get:46 http://deb.debian.org/debian trixie/main amd64 libdrm-common all 2.4.124-2 [8288 B]
#7 16.18 Get:47 http://deb.debian.org/debian trixie/main amd64 libdrm2 amd64 2.4.124-2 [39.0 kB]
#7 16.21 Get:48 http://deb.debian.org/debian trixie/main amd64 libdrm-amdgpu1 amd64 2.4.124-2 [22.6 kB]
#7 16.22 Get:49 http://deb.debian.org/debian trixie/main amd64 libpciaccess0 amd64 0.17-3+b3 [51.9 kB]
#7 16.24 Get:50 http://deb.debian.org/debian trixie/main amd64 libdrm-intel1 amd64 2.4.124-2 [64.1 kB]
#7 16.25 Get:51 http://deb.debian.org/debian trixie/main amd64 libedit2 amd64 3.1-20250104-1 [93.8 kB]
#7 16.28 Get:52 http://deb.debian.org/debian trixie/main amd64 libelf1t64 amd64 0.192-4 [189 kB]
#7 16.38 Get:53 http://deb.debian.org/debian trixie/main amd64 libwayland-server0 amd64 1.23.1-3 [34.4 kB]
#7 16.38 Get:54 http://deb.debian.org/debian trixie/main amd64 libxml2 amd64 2.12.7+dfsg+really2.9.14-2.1+deb13u2 [698 kB]
#7 16.61 Get:55 http://deb.debian.org/debian trixie/main amd64 libz3-4 amd64 4.13.3-1 [8560 kB]
#7 18.32 Get:56 http://deb.debian.org/debian trixie/main amd64 libllvm19 amd64 1:19.1.7-3+b1 [26.0 MB]
#7 24.55 Get:57 http://deb.debian.org/debian trixie/main amd64 libsensors-config all 1:3.6.2-2 [16.2 kB]
#7 24.56 Get:58 http://deb.debian.org/debian trixie/main amd64 libsensors5 amd64 1:3.6.2-2 [37.5 kB]
#7 24.57 Get:59 http://deb.debian.org/debian trixie/main amd64 libxau6 amd64 1:1.0.11-1 [20.4 kB]
#7 24.57 Get:60 http://deb.debian.org/debian trixie/main amd64 libxdmcp6 amd64 1:1.1.5-1 [27.8 kB]
#7 24.57 Get:61 http://deb.debian.org/debian trixie/main amd64 libxcb1 amd64 1.17.0-2+b1 [144 kB]
#7 24.60 Get:62 http://deb.debian.org/debian trixie/main amd64 libx11-data all 2:1.8.12-1 [343 kB]
#7 24.71 Get:63 http://deb.debian.org/debian trixie/main amd64 libx11-6 amd64 2:1.8.12-1 [815 kB]
#7 24.86 Get:64 http://deb.debian.org/debian trixie/main amd64 libx11-xcb1 amd64 2:1.8.12-1 [247 kB]
#7 24.91 Get:65 http://deb.debian.org/debian trixie/main amd64 libxcb-dri3-0 amd64 1.17.0-2+b1 [107 kB]
#7 24.93 Get:66 http://deb.debian.org/debian trixie/main amd64 libxcb-present0 amd64 1.17.0-2+b1 [106 kB]
#7 24.95 Get:67 http://deb.debian.org/debian trixie/main amd64 libxcb-randr0 amd64 1.17.0-2+b1 [117 kB]
#7 24.97 Get:68 http://deb.debian.org/debian trixie/main amd64 libxcb-sync1 amd64 1.17.0-2+b1 [109 kB]
#7 24.99 Get:69 http://deb.debian.org/debian trixie/main amd64 libxcb-xfixes0 amd64 1.17.0-2+b1 [109 kB]
#7 25.00 Get:70 http://deb.debian.org/debian trixie/main amd64 libxshmfence1 amd64 1.3.3-1 [10.9 kB]
#7 25.00 Get:71 http://deb.debian.org/debian trixie/main amd64 mesa-libgallium amd64 25.0.7-2 [9629 kB]
#7 26.61 Get:72 http://deb.debian.org/debian trixie/main amd64 libgbm1 amd64 25.0.7-2 [44.4 kB]
#7 26.61 Get:73 http://deb.debian.org/debian trixie/main amd64 libglvnd0 amd64 1.7.0-1+b2 [52.0 kB]
#7 26.63 Get:74 http://deb.debian.org/debian trixie/main amd64 libxcb-glx0 amd64 1.17.0-2+b1 [122 kB]
#7 26.64 Get:75 http://deb.debian.org/debian trixie/main amd64 libxcb-shm0 amd64 1.17.0-2+b1 [105 kB]
#7 26.66 Get:76 http://deb.debian.org/debian trixie/main amd64 libxext6 amd64 2:1.3.4-1+b3 [50.4 kB]
#7 26.66 Get:77 http://deb.debian.org/debian trixie/main amd64 libxxf86vm1 amd64 1:1.1.4-1+b4 [19.3 kB]
#7 26.67 Get:78 http://deb.debian.org/debian trixie/main amd64 libvulkan1 amd64 1.4.309.0-1 [130 kB]
#7 26.74 Get:79 http://deb.debian.org/debian trixie/main amd64 libgl1-mesa-dri amd64 25.0.7-2 [46.1 kB]
#7 26.75 Get:80 http://deb.debian.org/debian trixie/main amd64 libglx-mesa0 amd64 25.0.7-2 [143 kB]
#7 26.77 Get:81 http://deb.debian.org/debian trixie/main amd64 libglx0 amd64 1.7.0-1+b2 [34.9 kB]
#7 26.77 Get:82 http://deb.debian.org/debian trixie/main amd64 libgl1 amd64 1.7.0-1+b2 [89.5 kB]
#7 26.79 Get:83 http://deb.debian.org/debian trixie/main amd64 libglib2.0-0t64 amd64 2.84.4-3~deb13u2 [1518 kB]
#7 27.06 Get:84 http://deb.debian.org/debian trixie/main amd64 libglib2.0-data all 2.84.4-3~deb13u2 [1286 kB]
#7 27.34 Get:85 http://deb.debian.org/debian trixie/main amd64 libwayland-client0 amd64 1.23.1-3 [26.8 kB]
#7 27.42 Get:86 http://deb.debian.org/debian trixie/main amd64 manpages-dev all 6.9.1-1 [2122 kB]
#7 27.74 Get:87 http://deb.debian.org/debian trixie/main amd64 mesa-vulkan-drivers amd64 25.0.7-2 [14.2 MB]
#7 29.99 Get:88 http://deb.debian.org/debian trixie/main amd64 publicsuffix all 20250328.1952-0.1 [296 kB]
#7 30.11 Get:89 http://deb.debian.org/debian trixie/main amd64 shared-mime-info amd64 2.4-5+b2 [760 kB]
#7 30.20 Get:90 http://deb.debian.org/debian trixie/main amd64 xdg-user-dirs amd64 0.18-2 [53.2 kB]
#7 30.32 debconf: unable to initialize frontend: Dialog
#7 30.32 debconf: (TERM is not set, so the dialog frontend is not usable.)
#7 30.32 debconf: falling back to frontend: Readline
#7 30.32 debconf: unable to initialize frontend: Readline
#7 30.32 debconf: (Can't locate Term/ReadLine.pm in @INC (you may need to install the Term::ReadLine module) (@INC entries checked: /etc/perl /usr/local/lib/x86_64-linux-gnu/perl/5.40.1 /usr/local/share/perl/5.40.1 /usr/lib/x86_64-linux-gnu/perl5/5.40 /usr/share/perl5 /usr/lib/x86_64-linux-gnu/perl-base /usr/lib/x86_64-linux-gnu/perl/5.40 /usr/share/perl/5.40 /usr/local/lib/site_perl) at /usr/share/perl5/Debconf/FrontEnd/Readline.pm line 8, <STDIN> line 90.)
#7 30.32 debconf: falling back to frontend: Teletype
#7 30.32 debconf: unable to initialize frontend: Teletype
#7 30.32 debconf: (This frontend requires a controlling tty.)
#7 30.32 debconf: falling back to frontend: Noninteractive
#7 31.50 Fetched 131 MB in 26s (5001 kB/s)
#7 31.58 Selecting previously unselected package libexpat1:amd64.
#7 31.58 (Reading database ... 
(Reading database ... 5%
(Reading database ... 10%
(Reading database ... 15%
(Reading database ... 20%
(Reading database ... 25%
(Reading database ... 30%
(Reading database ... 35%
(Reading database ... 40%
(Reading database ... 45%
(Reading database ... 50%
(Reading database ... 55%
(Reading database ... 60%
(Reading database ... 65%
(Reading database ... 70%
(Reading database ... 75%
(Reading database ... 80%
(Reading database ... 85%
(Reading database ... 90%
(Reading database ... 95%
(Reading database ... 100%
(Reading database ... 5645 files and directories currently installed.)
#7 31.58 Preparing to unpack .../00-libexpat1_2.7.1-2_amd64.deb ...
#7 31.62 Unpacking libexpat1:amd64 (2.7.1-2) ...
#7 31.71 Selecting previously unselected package manpages.
#7 31.71 Preparing to unpack .../01-manpages_6.9.1-1_all.deb ...
#7 31.72 Unpacking manpages (6.9.1-1) ...
#7 31.84 Selecting previously unselected package libunistring5:amd64.
#7 31.85 Preparing to unpack .../02-libunistring5_1.3-2_amd64.deb ...
#7 31.86 Unpacking libunistring5:amd64 (1.3-2) ...
#7 31.98 Selecting previously unselected package libidn2-0:amd64.
#7 31.98 Preparing to unpack .../03-libidn2-0_2.3.8-2_amd64.deb ...
#7 31.99 Unpacking libidn2-0:amd64 (2.3.8-2) ...
#7 32.10 Selecting previously unselected package libp11-kit0:amd64.
#7 32.10 Preparing to unpack .../04-libp11-kit0_0.25.5-3_amd64.deb ...
#7 32.11 Unpacking libp11-kit0:amd64 (0.25.5-3) ...
#7 32.24 Selecting previously unselected package libtasn1-6:amd64.
#7 32.24 Preparing to unpack .../05-libtasn1-6_4.20.0-2_amd64.deb ...
#7 32.26 Unpacking libtasn1-6:amd64 (4.20.0-2) ...
#7 32.40 Selecting previously unselected package libgnutls30t64:amd64.
#7 32.40 Preparing to unpack .../06-libgnutls30t64_3.8.9-3+deb13u2_amd64.deb ...
#7 32.42 Unpacking libgnutls30t64:amd64 (3.8.9-3+deb13u2) ...
#7 32.59 Selecting previously unselected package libpsl5t64:amd64.
#7 32.59 Preparing to unpack .../07-libpsl5t64_0.21.2-1.1+b1_amd64.deb ...
#7 32.61 Unpacking libpsl5t64:amd64 (0.21.2-1.1+b1) ...
#7 32.72 Selecting previously unselected package wget.
#7 32.72 Preparing to unpack .../08-wget_1.25.0-2_amd64.deb ...
#7 32.73 Unpacking wget (1.25.0-2) ...
#7 32.85 Selecting previously unselected package libsframe1:amd64.
#7 32.85 Preparing to unpack .../09-libsframe1_2.44-3_amd64.deb ...
#7 32.87 Unpacking libsframe1:amd64 (2.44-3) ...
#7 32.95 Selecting previously unselected package binutils-common:amd64.
#7 32.95 Preparing to unpack .../10-binutils-common_2.44-3_amd64.deb ...
#7 32.97 Unpacking binutils-common:amd64 (2.44-3) ...
#7 33.14 Selecting previously unselected package libbinutils:amd64.
#7 33.14 Preparing to unpack .../11-libbinutils_2.44-3_amd64.deb ...
#7 33.15 Unpacking libbinutils:amd64 (2.44-3) ...
#7 33.28 Selecting previously unselected package libgprofng0:amd64.
#7 33.28 Preparing to unpack .../12-libgprofng0_2.44-3_amd64.deb ...
#7 33.30 Unpacking libgprofng0:amd64 (2.44-3) ...
#7 33.46 Selecting previously unselected package libctf-nobfd0:amd64.
#7 33.46 Preparing to unpack .../13-libctf-nobfd0_2.44-3_amd64.deb ...
#7 33.48 Unpacking libctf-nobfd0:amd64 (2.44-3) ...
#7 33.60 Selecting previously unselected package libctf0:amd64.
#7 33.60 Preparing to unpack .../14-libctf0_2.44-3_amd64.deb ...
#7 33.62 Unpacking libctf0:amd64 (2.44-3) ...
#7 33.76 Selecting previously unselected package libjansson4:amd64.
#7 33.76 Preparing to unpack .../15-libjansson4_2.14-2+b3_amd64.deb ...
#7 33.78 Unpacking libjansson4:amd64 (2.14-2+b3) ...
#7 33.86 Selecting previously unselected package binutils-x86-64-linux-gnu.
#7 33.86 Preparing to unpack .../16-binutils-x86-64-linux-gnu_2.44-3_amd64.deb ...
#7 33.87 Unpacking binutils-x86-64-linux-gnu (2.44-3) ...
#7 34.01 Selecting previously unselected package binutils.
#7 34.01 Preparing to unpack .../17-binutils_2.44-3_amd64.deb ...
#7 34.03 Unpacking binutils (2.44-3) ...
#7 34.13 Selecting previously unselected package libisl23:amd64.
#7 34.13 Preparing to unpack .../18-libisl23_0.27-1_amd64.deb ...
#7 34.15 Unpacking libisl23:amd64 (0.27-1) ...
#7 34.27 Selecting previously unselected package libmpfr6:amd64.
#7 34.27 Preparing to unpack .../19-libmpfr6_4.2.2-1_amd64.deb ...
#7 34.28 Unpacking libmpfr6:amd64 (4.2.2-1) ...
#7 34.45 Selecting previously unselected package libmpc3:amd64.
#7 34.45 Preparing to unpack .../20-libmpc3_1.3.1-1+b3_amd64.deb ...
#7 34.47 Unpacking libmpc3:amd64 (1.3.1-1+b3) ...
#7 34.58 Selecting previously unselected package cpp-14-x86-64-linux-gnu.
#7 34.58 Preparing to unpack .../21-cpp-14-x86-64-linux-gnu_14.2.0-19_amd64.deb ...
#7 34.59 Unpacking cpp-14-x86-64-linux-gnu (14.2.0-19) ...
#7 34.98 Selecting previously unselected package cpp-14.
#7 34.98 Preparing to unpack .../22-cpp-14_14.2.0-19_amd64.deb ...
#7 34.99 Unpacking cpp-14 (14.2.0-19) ...
#7 35.07 Selecting previously unselected package cpp-x86-64-linux-gnu.
#7 35.07 Preparing to unpack .../23-cpp-x86-64-linux-gnu_4%3a14.2.0-1_amd64.deb ...
#7 35.08 Unpacking cpp-x86-64-linux-gnu (4:14.2.0-1) ...
#7 35.19 Selecting previously unselected package cpp.
#7 35.19 Preparing to unpack .../24-cpp_4%3a14.2.0-1_amd64.deb ...
#7 35.21 Unpacking cpp (4:14.2.0-1) ...
#7 35.31 Selecting previously unselected package libcc1-0:amd64.
#7 35.31 Preparing to unpack .../25-libcc1-0_14.2.0-19_amd64.deb ...
#7 35.33 Unpacking libcc1-0:amd64 (14.2.0-19) ...
#7 35.48 Selecting previously unselected package libgomp1:amd64.
#7 35.48 Preparing to unpack .../26-libgomp1_14.2.0-19_amd64.deb ...
#7 35.50 Unpacking libgomp1:amd64 (14.2.0-19) ...
#7 35.64 Selecting previously unselected package libitm1:amd64.
#7 35.64 Preparing to unpack .../27-libitm1_14.2.0-19_amd64.deb ...
#7 35.66 Unpacking libitm1:amd64 (14.2.0-19) ...
#7 35.79 Selecting previously unselected package libatomic1:amd64.
#7 35.79 Preparing to unpack .../28-libatomic1_14.2.0-19_amd64.deb ...
#7 35.81 Unpacking libatomic1:amd64 (14.2.0-19) ...
#7 35.92 Selecting previously unselected package libasan8:amd64.
#7 35.92 Preparing to unpack .../29-libasan8_14.2.0-19_amd64.deb ...
#7 35.94 Unpacking libasan8:amd64 (14.2.0-19) ...
#7 36.13 Selecting previously unselected package liblsan0:amd64.
#7 36.13 Preparing to unpack .../30-liblsan0_14.2.0-19_amd64.deb ...
#7 36.14 Unpacking liblsan0:amd64 (14.2.0-19) ...
#7 36.29 Selecting previously unselected package libtsan2:amd64.
#7 36.30 Preparing to unpack .../31-libtsan2_14.2.0-19_amd64.deb ...
#7 36.31 Unpacking libtsan2:amd64 (14.2.0-19) ...
#7 36.54 Selecting previously unselected package libubsan1:amd64.
#7 36.54 Preparing to unpack .../32-libubsan1_14.2.0-19_amd64.deb ...
#7 36.57 Unpacking libubsan1:amd64 (14.2.0-19) ...
#7 36.74 Selecting previously unselected package libhwasan0:amd64.
#7 36.75 Preparing to unpack .../33-libhwasan0_14.2.0-19_amd64.deb ...
#7 36.76 Unpacking libhwasan0:amd64 (14.2.0-19) ...
#7 36.95 Selecting previously unselected package libquadmath0:amd64.
#7 36.95 Preparing to unpack .../34-libquadmath0_14.2.0-19_amd64.deb ...
#7 36.96 Unpacking libquadmath0:amd64 (14.2.0-19) ...
#7 37.04 Selecting previously unselected package libgcc-14-dev:amd64.
#7 37.04 Preparing to unpack .../35-libgcc-14-dev_14.2.0-19_amd64.deb ...
#7 37.06 Unpacking libgcc-14-dev:amd64 (14.2.0-19) ...
#7 37.21 Selecting previously unselected package gcc-14-x86-64-linux-gnu.
#7 37.21 Preparing to unpack .../36-gcc-14-x86-64-linux-gnu_14.2.0-19_amd64.deb ...
#7 37.23 Unpacking gcc-14-x86-64-linux-gnu (14.2.0-19) ...
#7 37.72 Selecting previously unselected package gcc-14.
#7 37.72 Preparing to unpack .../37-gcc-14_14.2.0-19_amd64.deb ...
#7 37.74 Unpacking gcc-14 (14.2.0-19) ...
#7 37.85 Selecting previously unselected package gcc-x86-64-linux-gnu.
#7 37.85 Preparing to unpack .../38-gcc-x86-64-linux-gnu_4%3a14.2.0-1_amd64.deb ...
#7 37.87 Unpacking gcc-x86-64-linux-gnu (4:14.2.0-1) ...
#7 37.98 Selecting previously unselected package gcc.
#7 37.98 Preparing to unpack .../39-gcc_4%3a14.2.0-1_amd64.deb ...
#7 38.00 Unpacking gcc (4:14.2.0-1) ...
#7 38.08 Selecting previously unselected package libc-dev-bin.
#7 38.08 Preparing to unpack .../40-libc-dev-bin_2.41-12+deb13u1_amd64.deb ...
#7 38.09 Unpacking libc-dev-bin (2.41-12+deb13u1) ...
#7 38.17 Selecting previously unselected package linux-libc-dev.
#7 38.17 Preparing to unpack .../41-linux-libc-dev_6.12.73-1_all.deb ...
#7 38.18 Unpacking linux-libc-dev (6.12.73-1) ...
#7 38.55 Selecting previously unselected package libcrypt-dev:amd64.
#7 38.55 Preparing to unpack .../42-libcrypt-dev_1%3a4.4.38-1_amd64.deb ...
#7 38.57 Unpacking libcrypt-dev:amd64 (1:4.4.38-1) ...
#7 38.69 Selecting previously unselected package rpcsvc-proto.
#7 38.69 Preparing to unpack .../43-rpcsvc-proto_1.4.3-1_amd64.deb ...
#7 38.71 Unpacking rpcsvc-proto (1.4.3-1) ...
#7 38.81 Selecting previously unselected package libc6-dev:amd64.
#7 38.81 Preparing to unpack .../44-libc6-dev_2.41-12+deb13u1_amd64.deb ...
#7 38.83 Unpacking libc6-dev:amd64 (2.41-12+deb13u1) ...
#7 39.00 Selecting previously unselected package libdrm-common.
#7 39.00 Preparing to unpack .../45-libdrm-common_2.4.124-2_all.deb ...
#7 39.01 Unpacking libdrm-common (2.4.124-2) ...
#7 39.11 Selecting previously unselected package libdrm2:amd64.
#7 39.11 Preparing to unpack .../46-libdrm2_2.4.124-2_amd64.deb ...
#7 39.13 Unpacking libdrm2:amd64 (2.4.124-2) ...
#7 39.23 Selecting previously unselected package libdrm-amdgpu1:amd64.
#7 39.23 Preparing to unpack .../47-libdrm-amdgpu1_2.4.124-2_amd64.deb ...
#7 39.24 Unpacking libdrm-amdgpu1:amd64 (2.4.124-2) ...
#7 39.35 Selecting previously unselected package libpciaccess0:amd64.
#7 39.35 Preparing to unpack .../48-libpciaccess0_0.17-3+b3_amd64.deb ...
#7 39.37 Unpacking libpciaccess0:amd64 (0.17-3+b3) ...
#7 39.47 Selecting previously unselected package libdrm-intel1:amd64.
#7 39.47 Preparing to unpack .../49-libdrm-intel1_2.4.124-2_amd64.deb ...
#7 39.49 Unpacking libdrm-intel1:amd64 (2.4.124-2) ...
#7 39.65 Selecting previously unselected package libedit2:amd64.
#7 39.65 Preparing to unpack .../50-libedit2_3.1-20250104-1_amd64.deb ...
#7 39.67 Unpacking libedit2:amd64 (3.1-20250104-1) ...
#7 39.80 Selecting previously unselected package libelf1t64:amd64.
#7 39.80 Preparing to unpack .../51-libelf1t64_0.192-4_amd64.deb ...
#7 39.82 Unpacking libelf1t64:amd64 (0.192-4) ...
#7 39.95 Selecting previously unselected package libwayland-server0:amd64.
#7 39.95 Preparing to unpack .../52-libwayland-server0_1.23.1-3_amd64.deb ...
#7 39.98 Unpacking libwayland-server0:amd64 (1.23.1-3) ...
#7 40.11 Selecting previously unselected package libxml2:amd64.
#7 40.11 Preparing to unpack .../53-libxml2_2.12.7+dfsg+really2.9.14-2.1+deb13u2_amd64.deb ...
#7 40.13 Unpacking libxml2:amd64 (2.12.7+dfsg+really2.9.14-2.1+deb13u2) ...
#7 40.24 Selecting previously unselected package libz3-4:amd64.
#7 40.25 Preparing to unpack .../54-libz3-4_4.13.3-1_amd64.deb ...
#7 40.26 Unpacking libz3-4:amd64 (4.13.3-1) ...
#7 40.59 Selecting previously unselected package libllvm19:amd64.
#7 40.59 Preparing to unpack .../55-libllvm19_1%3a19.1.7-3+b1_amd64.deb ...
#7 40.61 Unpacking libllvm19:amd64 (1:19.1.7-3+b1) ...
#7 41.15 Selecting previously unselected package libsensors-config.
#7 41.15 Preparing to unpack .../56-libsensors-config_1%3a3.6.2-2_all.deb ...
#7 41.16 Unpacking libsensors-config (1:3.6.2-2) ...
#7 41.26 Selecting previously unselected package libsensors5:amd64.
#7 41.26 Preparing to unpack .../57-libsensors5_1%3a3.6.2-2_amd64.deb ...
#7 41.28 Unpacking libsensors5:amd64 (1:3.6.2-2) ...
#7 41.37 Selecting previously unselected package libxau6:amd64.
#7 41.37 Preparing to unpack .../58-libxau6_1%3a1.0.11-1_amd64.deb ...
#7 41.39 Unpacking libxau6:amd64 (1:1.0.11-1) ...
#7 41.47 Selecting previously unselected package libxdmcp6:amd64.
#7 41.48 Preparing to unpack .../59-libxdmcp6_1%3a1.1.5-1_amd64.deb ...
#7 41.49 Unpacking libxdmcp6:amd64 (1:1.1.5-1) ...
#7 41.59 Selecting previously unselected package libxcb1:amd64.
#7 41.59 Preparing to unpack .../60-libxcb1_1.17.0-2+b1_amd64.deb ...
#7 41.60 Unpacking libxcb1:amd64 (1.17.0-2+b1) ...
#7 41.71 Selecting previously unselected package libx11-data.
#7 41.72 Preparing to unpack .../61-libx11-data_2%3a1.8.12-1_all.deb ...
#7 41.73 Unpacking libx11-data (2:1.8.12-1) ...
#7 41.89 Selecting previously unselected package libx11-6:amd64.
#7 41.89 Preparing to unpack .../62-libx11-6_2%3a1.8.12-1_amd64.deb ...
#7 41.92 Unpacking libx11-6:amd64 (2:1.8.12-1) ...
#7 42.06 Selecting previously unselected package libx11-xcb1:amd64.
#7 42.06 Preparing to unpack .../63-libx11-xcb1_2%3a1.8.12-1_amd64.deb ...
#7 42.08 Unpacking libx11-xcb1:amd64 (2:1.8.12-1) ...
#7 42.20 Selecting previously unselected package libxcb-dri3-0:amd64.
#7 42.20 Preparing to unpack .../64-libxcb-dri3-0_1.17.0-2+b1_amd64.deb ...
#7 42.21 Unpacking libxcb-dri3-0:amd64 (1.17.0-2+b1) ...
#7 42.31 Selecting previously unselected package libxcb-present0:amd64.
#7 42.31 Preparing to unpack .../65-libxcb-present0_1.17.0-2+b1_amd64.deb ...
#7 42.33 Unpacking libxcb-present0:amd64 (1.17.0-2+b1) ...
#7 42.43 Selecting previously unselected package libxcb-randr0:amd64.
#7 42.43 Preparing to unpack .../66-libxcb-randr0_1.17.0-2+b1_amd64.deb ...
#7 42.45 Unpacking libxcb-randr0:amd64 (1.17.0-2+b1) ...
#7 42.55 Selecting previously unselected package libxcb-sync1:amd64.
#7 42.55 Preparing to unpack .../67-libxcb-sync1_1.17.0-2+b1_amd64.deb ...
#7 42.56 Unpacking libxcb-sync1:amd64 (1.17.0-2+b1) ...
#7 42.66 Selecting previously unselected package libxcb-xfixes0:amd64.
#7 42.66 Preparing to unpack .../68-libxcb-xfixes0_1.17.0-2+b1_amd64.deb ...
#7 42.68 Unpacking libxcb-xfixes0:amd64 (1.17.0-2+b1) ...
#7 42.84 Selecting previously unselected package libxshmfence1:amd64.
#7 42.84 Preparing to unpack .../69-libxshmfence1_1.3.3-1_amd64.deb ...
#7 42.86 Unpacking libxshmfence1:amd64 (1.3.3-1) ...
#7 42.99 Selecting previously unselected package mesa-libgallium:amd64.
#7 42.99 Preparing to unpack .../70-mesa-libgallium_25.0.7-2_amd64.deb ...
#7 43.00 Unpacking mesa-libgallium:amd64 (25.0.7-2) ...
#7 43.39 Selecting previously unselected package libgbm1:amd64.
#7 43.39 Preparing to unpack .../71-libgbm1_25.0.7-2_amd64.deb ...
#7 43.40 Unpacking libgbm1:amd64 (25.0.7-2) ...
#7 43.50 Selecting previously unselected package libglvnd0:amd64.
#7 43.50 Preparing to unpack .../72-libglvnd0_1.7.0-1+b2_amd64.deb ...
#7 43.52 Unpacking libglvnd0:amd64 (1.7.0-1+b2) ...
#7 43.61 Selecting previously unselected package libxcb-glx0:amd64.
#7 43.62 Preparing to unpack .../73-libxcb-glx0_1.17.0-2+b1_amd64.deb ...
#7 43.63 Unpacking libxcb-glx0:amd64 (1.17.0-2+b1) ...
#7 43.73 Selecting previously unselected package libxcb-shm0:amd64.
#7 43.73 Preparing to unpack .../74-libxcb-shm0_1.17.0-2+b1_amd64.deb ...
#7 43.75 Unpacking libxcb-shm0:amd64 (1.17.0-2+b1) ...
#7 43.92 Selecting previously unselected package libxext6:amd64.
#7 43.92 Preparing to unpack .../75-libxext6_2%3a1.3.4-1+b3_amd64.deb ...
#7 43.94 Unpacking libxext6:amd64 (2:1.3.4-1+b3) ...
#7 44.05 Selecting previously unselected package libxxf86vm1:amd64.
#7 44.05 Preparing to unpack .../76-libxxf86vm1_1%3a1.1.4-1+b4_amd64.deb ...
#7 44.07 Unpacking libxxf86vm1:amd64 (1:1.1.4-1+b4) ...
#7 44.20 Selecting previously unselected package libvulkan1:amd64.
#7 44.20 Preparing to unpack .../77-libvulkan1_1.4.309.0-1_amd64.deb ...
#7 44.22 Unpacking libvulkan1:amd64 (1.4.309.0-1) ...
#7 44.36 Selecting previously unselected package libgl1-mesa-dri:amd64.
#7 44.36 Preparing to unpack .../78-libgl1-mesa-dri_25.0.7-2_amd64.deb ...
#7 44.38 Unpacking libgl1-mesa-dri:amd64 (25.0.7-2) ...
#7 44.48 Selecting previously unselected package libglx-mesa0:amd64.
#7 44.48 Preparing to unpack .../79-libglx-mesa0_25.0.7-2_amd64.deb ...
#7 44.50 Unpacking libglx-mesa0:amd64 (25.0.7-2) ...
#7 44.61 Selecting previously unselected package libglx0:amd64.
#7 44.61 Preparing to unpack .../80-libglx0_1.7.0-1+b2_amd64.deb ...
#7 44.62 Unpacking libglx0:amd64 (1.7.0-1+b2) ...
#7 44.74 Selecting previously unselected package libgl1:amd64.
#7 44.74 Preparing to unpack .../81-libgl1_1.7.0-1+b2_amd64.deb ...
#7 44.75 Unpacking libgl1:amd64 (1.7.0-1+b2) ...
#7 44.91 Selecting previously unselected package libglib2.0-0t64:amd64.
#7 44.91 Preparing to unpack .../82-libglib2.0-0t64_2.84.4-3~deb13u2_amd64.deb ...
#7 44.93 Unpacking libglib2.0-0t64:amd64 (2.84.4-3~deb13u2) ...
#7 45.10 Selecting previously unselected package libglib2.0-data.
#7 45.10 Preparing to unpack .../83-libglib2.0-data_2.84.4-3~deb13u2_all.deb ...
#7 45.16 Unpacking libglib2.0-data (2.84.4-3~deb13u2) ...
#7 45.31 Selecting previously unselected package libwayland-client0:amd64.
#7 45.32 Preparing to unpack .../84-libwayland-client0_1.23.1-3_amd64.deb ...
#7 45.33 Unpacking libwayland-client0:amd64 (1.23.1-3) ...
#7 45.41 Selecting previously unselected package manpages-dev.
#7 45.41 Preparing to unpack .../85-manpages-dev_6.9.1-1_all.deb ...
#7 45.43 Unpacking manpages-dev (6.9.1-1) ...
#7 45.57 Selecting previously unselected package mesa-vulkan-drivers:amd64.
#7 45.57 Preparing to unpack .../86-mesa-vulkan-drivers_25.0.7-2_amd64.deb ...
#7 45.58 Unpacking mesa-vulkan-drivers:amd64 (25.0.7-2) ...
#7 45.97 Selecting previously unselected package publicsuffix.
#7 45.97 Preparing to unpack .../87-publicsuffix_20250328.1952-0.1_all.deb ...
#7 45.99 Unpacking publicsuffix (20250328.1952-0.1) ...
#7 46.12 Selecting previously unselected package shared-mime-info.
#7 46.12 Preparing to unpack .../88-shared-mime-info_2.4-5+b2_amd64.deb ...
#7 46.14 Unpacking shared-mime-info (2.4-5+b2) ...
#7 46.31 Selecting previously unselected package xdg-user-dirs.
#7 46.31 Preparing to unpack .../89-xdg-user-dirs_0.18-2_amd64.deb ...
#7 46.33 Unpacking xdg-user-dirs (0.18-2) ...
#7 46.42 Setting up libexpat1:amd64 (2.7.1-2) ...
#7 46.46 Setting up libwayland-server0:amd64 (1.23.1-3) ...
#7 46.51 Setting up libpciaccess0:amd64 (0.17-3+b3) ...
#7 46.55 Setting up libxau6:amd64 (1:1.0.11-1) ...
#7 46.59 Setting up libxdmcp6:amd64 (1:1.1.5-1) ...
#7 46.64 Setting up libxcb1:amd64 (1.17.0-2+b1) ...
#7 46.70 Setting up libxcb-xfixes0:amd64 (1.17.0-2+b1) ...
#7 46.75 Setting up xdg-user-dirs (0.18-2) ...
#7 46.85 Setting up manpages (6.9.1-1) ...
#7 46.89 Setting up libglvnd0:amd64 (1.7.0-1+b2) ...
#7 46.96 Setting up libxcb-glx0:amd64 (1.17.0-2+b1) ...
#7 47.02 Setting up libedit2:amd64 (3.1-20250104-1) ...
#7 47.08 Setting up binutils-common:amd64 (2.44-3) ...
#7 47.13 Setting up libsensors-config (1:3.6.2-2) ...
#7 47.23 Setting up linux-libc-dev (6.12.73-1) ...
#7 47.28 Setting up libctf-nobfd0:amd64 (2.44-3) ...
#7 47.34 Setting up libxcb-shm0:amd64 (1.17.0-2+b1) ...
#7 47.40 Setting up libgomp1:amd64 (14.2.0-19) ...
#7 47.44 Setting up libsframe1:amd64 (2.44-3) ...
#7 47.49 Setting up libelf1t64:amd64 (0.192-4) ...
#7 47.53 Setting up libjansson4:amd64 (2.14-2+b3) ...
#7 47.57 Setting up libxcb-present0:amd64 (1.17.0-2+b1) ...
#7 47.62 Setting up libz3-4:amd64 (4.13.3-1) ...
#7 47.67 Setting up libglib2.0-data (2.84.4-3~deb13u2) ...
#7 47.73 Setting up rpcsvc-proto (1.4.3-1) ...
#7 47.80 Setting up libx11-data (2:1.8.12-1) ...
#7 47.84 Setting up libmpfr6:amd64 (4.2.2-1) ...
#7 47.88 Setting up libxcb-sync1:amd64 (1.17.0-2+b1) ...
#7 47.92 Setting up libquadmath0:amd64 (14.2.0-19) ...
#7 47.99 Setting up libp11-kit0:amd64 (0.25.5-3) ...
#7 48.04 Setting up libunistring5:amd64 (1.3-2) ...
#7 48.10 Setting up libmpc3:amd64 (1.3.1-1+b3) ...
#7 48.16 Setting up libatomic1:amd64 (14.2.0-19) ...
#7 48.21 Setting up libsensors5:amd64 (1:3.6.2-2) ...
#7 48.26 Setting up libvulkan1:amd64 (1.4.309.0-1) ...
#7 48.32 Setting up libubsan1:amd64 (14.2.0-19) ...
#7 48.38 Setting up libxshmfence1:amd64 (1.3.3-1) ...
#7 48.43 Setting up libhwasan0:amd64 (14.2.0-19) ...
#7 48.50 Setting up libcrypt-dev:amd64 (1:4.4.38-1) ...
#7 48.55 Setting up libxcb-randr0:amd64 (1.17.0-2+b1) ...
#7 48.59 Setting up libasan8:amd64 (14.2.0-19) ...
#7 48.63 Setting up libtasn1-6:amd64 (4.20.0-2) ...
#7 48.67 Setting up libx11-6:amd64 (2:1.8.12-1) ...
#7 48.72 Setting up libtsan2:amd64 (14.2.0-19) ...
#7 48.76 Setting up libbinutils:amd64 (2.44-3) ...
#7 48.80 Setting up libisl23:amd64 (0.27-1) ...
#7 48.85 Setting up libc-dev-bin (2.41-12+deb13u1) ...
#7 48.89 Setting up libdrm-common (2.4.124-2) ...
#7 48.93 Setting up publicsuffix (20250328.1952-0.1) ...
#7 48.97 Setting up libxml2:amd64 (2.12.7+dfsg+really2.9.14-2.1+deb13u2) ...
#7 49.04 Setting up libcc1-0:amd64 (14.2.0-19) ...
#7 49.10 Setting up liblsan0:amd64 (14.2.0-19) ...
#7 49.15 Setting up libitm1:amd64 (14.2.0-19) ...
#7 49.21 Setting up libwayland-client0:amd64 (1.23.1-3) ...
#7 49.27 Setting up libctf0:amd64 (2.44-3) ...
#7 49.31 Setting up libxcb-dri3-0:amd64 (1.17.0-2+b1) ...
#7 49.36 Setting up libllvm19:amd64 (1:19.1.7-3+b1) ...
#7 49.42 Setting up manpages-dev (6.9.1-1) ...
#7 49.47 Setting up libx11-xcb1:amd64 (2:1.8.12-1) ...
#7 49.52 Setting up libxext6:amd64 (2:1.3.4-1+b3) ...
#7 49.56 Setting up libidn2-0:amd64 (2.3.8-2) ...
#7 49.60 Setting up libxxf86vm1:amd64 (1:1.1.4-1+b4) ...
#7 49.64 Setting up libglib2.0-0t64:amd64 (2.84.4-3~deb13u2) ...
#7 49.67 No schema files found: doing nothing.
#7 49.69 Setting up libgprofng0:amd64 (2.44-3) ...
#7 49.74 Setting up shared-mime-info (2.4-5+b2) ...
#7 57.81 Setting up cpp-14-x86-64-linux-gnu (14.2.0-19) ...
#7 57.86 Setting up cpp-14 (14.2.0-19) ...
#7 57.90 Setting up libdrm2:amd64 (2.4.124-2) ...
#7 57.95 Setting up libc6-dev:amd64 (2.41-12+deb13u1) ...
#7 57.99 Setting up libgcc-14-dev:amd64 (14.2.0-19) ...
#7 58.03 Setting up binutils-x86-64-linux-gnu (2.44-3) ...
#7 58.07 Setting up libdrm-amdgpu1:amd64 (2.4.124-2) ...
#7 58.12 Setting up cpp-x86-64-linux-gnu (4:14.2.0-1) ...
#7 58.16 Setting up libgnutls30t64:amd64 (3.8.9-3+deb13u2) ...
#7 58.20 Setting up mesa-vulkan-drivers:amd64 (25.0.7-2) ...
#7 58.24 Setting up libdrm-intel1:amd64 (2.4.124-2) ...
#7 58.29 Setting up libpsl5t64:amd64 (0.21.2-1.1+b1) ...
#7 58.33 Setting up binutils (2.44-3) ...
#7 58.39 Setting up cpp (4:14.2.0-1) ...
#7 58.47 Setting up gcc-14-x86-64-linux-gnu (14.2.0-19) ...
#7 58.55 Setting up mesa-libgallium:amd64 (25.0.7-2) ...
#7 58.60 Setting up wget (1.25.0-2) ...
#7 58.72 Setting up gcc-x86-64-linux-gnu (4:14.2.0-1) ...
#7 58.77 Setting up libgbm1:amd64 (25.0.7-2) ...
#7 58.82 Setting up libgl1-mesa-dri:amd64 (25.0.7-2) ...
#7 58.87 Setting up gcc-14 (14.2.0-19) ...
#7 58.94 Setting up libglx-mesa0:amd64 (25.0.7-2) ...
#7 58.98 Setting up libglx0:amd64 (1.7.0-1+b2) ...
#7 59.03 Setting up gcc (4:14.2.0-1) ...
#7 59.10 Setting up libgl1:amd64 (1.7.0-1+b2) ...
#7 59.15 Processing triggers for libc-bin (2.41-12+deb13u1) ...
#7 59.24 --2026-02-24 14:57:05--  https://github.com/intel/compute-runtime/releases/download/24.13.29138.7/intel-level-zero-gpu_1.3.29138.7_amd64.deb
#7 59.25 Resolving github.com (github.com)... 140.82.121.4
#7 59.38 Connecting to github.com (github.com)|140.82.121.4|:443... connected.
#7 59.47 HTTP request sent, awaiting response... 302 Found
#7 59.51 Location: https://release-assets.githubusercontent.com/github-production-release-asset/105299354/9b45f40e-7c75-4635-9206-869b63c28d19?sp=r&sv=2018-11-09&sr=b&spr=https&se=2026-02-24T15%3A49%3A47Z&rscd=attachment%3B+filename%3Dintel-level-zero-gpu_1.3.29138.7_amd64.deb&rsct=application%2Foctet-stream&skoid=96c2d410-5711-43a1-aedd-ab1947aa7ab0&sktid=398a6654-997b-47e9-b12b-9515b896b4de&skt=2026-02-24T14%3A49%3A18Z&ske=2026-02-24T15%3A49%3A47Z&sks=b&skv=2018-11-09&sig=4hX%2BAUBwGrufVy%2BsELAMMMsrxsOdeiuQaFI%2FuodrDXw%3D&jwt=eyJ0eXAiOiJKV1QiLCJhbGciOiJIUzI1NiJ9.eyJpc3MiOiJnaXRodWIuY29tIiwiYXVkIjoicmVsZWFzZS1hc3NldHMuZ2l0aHVidXNlcmNvbnRlbnQuY29tIiwia2V5Ijoia2V5MSIsImV4cCI6MTc3MTk0NTI0MiwibmJmIjoxNzcxOTQ0OTQyLCJwYXRoIjoicmVsZWFzZWFzc2V0cHJvZHVjdGlvbi5ibG9iLmNvcmUud2luZG93cy5uZXQifQ.Mpl3fzw0crkuJ8vbxnznYkXZqKCZTLlT_oJaywi5Z8g&response-content-disposition=attachment%3B%20filename%3Dintel-level-zero-gpu_1.3.29138.7_amd64.deb&response-content-type=application%2Foctet-stream [following]
#7 59.51 --2026-02-24 14:57:05--  https://release-assets.githubusercontent.com/github-production-release-asset/105299354/9b45f40e-7c75-4635-9206-869b63c28d19?sp=r&sv=2018-11-09&sr=b&spr=https&se=2026-02-24T15%3A49%3A47Z&rscd=attachment%3B+filename%3Dintel-level-zero-gpu_1.3.29138.7_amd64.deb&rsct=application%2Foctet-stream&skoid=96c2d410-5711-43a1-aedd-ab1947aa7ab0&sktid=398a6654-997b-47e9-b12b-9515b896b4de&skt=2026-02-24T14%3A49%3A18Z&ske=2026-02-24T15%3A49%3A47Z&sks=b&skv=2018-11-09&sig=4hX%2BAUBwGrufVy%2BsELAMMMsrxsOdeiuQaFI%2FuodrDXw%3D&jwt=eyJ0eXAiOiJKV1QiLCJhbGciOiJIUzI1NiJ9.eyJpc3MiOiJnaXRodWIuY29tIiwiYXVkIjoicmVsZWFzZS1hc3NldHMuZ2l0aHVidXNlcmNvbnRlbnQuY29tIiwia2V5Ijoia2V5MSIsImV4cCI6MTc3MTk0NTI0MiwibmJmIjoxNzcxOTQ0OTQyLCJwYXRoIjoicmVsZWFzZWFzc2V0cHJvZHVjdGlvbi5ibG9iLmNvcmUud2luZG93cy5uZXQifQ.Mpl3fzw0crkuJ8vbxnznYkXZqKCZTLlT_oJaywi5Z8g&response-content-disposition=attachment%3B%20filename%3Dintel-level-zero-gpu_1.3.29138.7_amd64.deb&response-content-type=application%2Foctet-stream
#7 59.51 Resolving release-assets.githubusercontent.com (release-assets.githubusercontent.com)... 185.199.109.133, 185.199.110.133, 185.199.111.133, ...
#7 59.56 Connecting to release-assets.githubusercontent.com (release-assets.githubusercontent.com)|185.199.109.133|:443... connected.
#7 59.65 HTTP request sent, awaiting response... 200 OK
#7 59.69 Length: 2225676 (2.1M) [application/octet-stream]
#7 59.69 Saving to: ÔÇÿintel-level-zero-gpu_1.3.29138.7_amd64.debÔÇÖ
#7 59.70 
#7 59.70      0K .......... .......... .......... .......... ..........  2% 1.01M 2s
#7 59.74     50K .......... .......... .......... .......... ..........  4% 1.48M 2s
#7 59.77    100K .......... .......... .......... .......... ..........  6% 3.98M 1s
#7 59.79    150K .......... .......... .......... .......... ..........  9% 6.95M 1s
#7 59.79    200K .......... .......... .......... .......... .......... 11% 1.85M 1s
#7 59.82    250K .......... .......... .......... .......... .......... 13% 8.80M 1s
#7 59.83    300K .......... .......... .......... .......... .......... 16% 4.81M 1s
#7 59.84    350K .......... .......... .......... .......... .......... 18% 8.37M 1s
#7 59.84    400K .......... .......... .......... .......... .......... 20% 5.70M 1s
#7 59.85    450K .......... .......... .......... .......... .......... 23% 4.67M 1s
#7 59.86    500K .......... .......... .......... .......... .......... 25% 9.20M 1s
#7 59.87    550K .......... .......... .......... .......... .......... 27% 8.23M 0s
#7 59.87    600K .......... .......... .......... .......... .......... 29% 4.83M 0s
#7 59.88    650K .......... .......... .......... .......... .......... 32% 7.11M 0s
#7 59.89    700K .......... .......... .......... .......... .......... 34% 7.85M 0s
#7 59.90    750K .......... .......... .......... .......... .......... 36% 4.86M 0s
#7 59.91    800K .......... .......... .......... .......... .......... 39% 13.3M 0s
#7 59.91    850K .......... .......... .......... .......... .......... 41% 4.94M 0s
#7 59.92    900K .......... .......... .......... .......... .......... 43% 9.37M 0s
#7 59.92    950K .......... .......... .......... .......... .......... 46% 8.78M 0s
#7 59.93   1000K .......... .......... .......... .......... .......... 48% 4.87M 0s
#7 59.94   1050K .......... .......... .......... .......... .......... 50% 7.72M 0s
#7 59.95   1100K .......... .......... .......... .......... .......... 52% 6.84M 0s
#7 59.95   1150K .......... .......... .......... .......... .......... 55% 5.26M 0s
#7 59.96   1200K .......... .......... .......... .......... .......... 57% 6.20M 0s
#7 59.97   1250K .......... .......... .......... .......... .......... 59% 9.37M 0s
#7 59.98   1300K .......... .......... .......... .......... .......... 62% 7.48M 0s
#7 59.98   1350K .......... .......... .......... .......... .......... 64% 6.10M 0s
#7 59.99   1400K .......... .......... .......... .......... .......... 66% 6.08M 0s
#7 60.00   1450K .......... .......... .......... .......... .......... 69% 6.82M 0s
#7 60.01   1500K .......... .......... .......... .......... .......... 71% 5.20M 0s
#7 60.01   1550K .......... .......... .......... .......... .......... 73% 14.6M 0s
#7 60.02   1600K .......... .......... .......... .......... .......... 75% 5.89M 0s
#7 60.03   1650K .......... .......... .......... .......... .......... 78% 5.25M 0s
#7 60.04   1700K .......... .......... .......... .......... .......... 80% 9.16M 0s
#7 60.04   1750K .......... .......... .......... .......... .......... 82% 8.16M 0s
#7 60.05   1800K .......... .......... .......... .......... .......... 85% 5.34M 0s
#7 60.06   1850K .......... .......... .......... .......... .......... 87% 3.92M 0s
#7 60.07   1900K .......... .......... .......... .......... .......... 89% 14.3M 0s
#7 60.07   1950K .......... .......... .......... .......... .......... 92% 7.40M 0s
#7 60.08   2000K .......... .......... .......... .......... .......... 94% 8.41M 0s
#7 60.08   2050K .......... .......... .......... .......... .......... 96% 6.57M 0s
#7 60.09   2100K .......... .......... .......... .......... .......... 98% 6.46M 0s
#7 60.10   2150K .......... .......... ...                             100% 8.28M=0.4s
#7 60.10 
#7 60.10 2026-02-24 14:57:06 (5.19 MB/s) - ÔÇÿintel-level-zero-gpu_1.3.29138.7_amd64.debÔÇÖ saved [2225676/2225676]
#7 60.10 
#7 60.11 --2026-02-24 14:57:06--  https://github.com/intel/compute-runtime/releases/download/24.13.29138.7/intel-opencl-icd_24.13.29138.7_amd64.deb
#7 60.12 Resolving github.com (github.com)... 140.82.121.4
#7 60.12 Connecting to github.com (github.com)|140.82.121.4|:443... connected.
#7 60.21 HTTP request sent, awaiting response... 302 Found
#7 60.24 Location: https://release-assets.githubusercontent.com/github-production-release-asset/105299354/462e06ff-3f39-4b5c-9ac2-e6c3f9c87386?sp=r&sv=2018-11-09&sr=b&spr=https&se=2026-02-24T15%3A50%3A00Z&rscd=attachment%3B+filename%3Dintel-opencl-icd_24.13.29138.7_amd64.deb&rsct=application%2Foctet-stream&skoid=96c2d410-5711-43a1-aedd-ab1947aa7ab0&sktid=398a6654-997b-47e9-b12b-9515b896b4de&skt=2026-02-24T14%3A49%3A29Z&ske=2026-02-24T15%3A50%3A00Z&sks=b&skv=2018-11-09&sig=go2RC7dwhKnJxUmPXbmXIaJTK%2BZFT9LEZPUlZXfBThs%3D&jwt=eyJ0eXAiOiJKV1QiLCJhbGciOiJIUzI1NiJ9.eyJpc3MiOiJnaXRodWIuY29tIiwiYXVkIjoicmVsZWFzZS1hc3NldHMuZ2l0aHVidXNlcmNvbnRlbnQuY29tIiwia2V5Ijoia2V5MSIsImV4cCI6MTc3MTk0NTI0MywibmJmIjoxNzcxOTQ0OTQzLCJwYXRoIjoicmVsZWFzZWFzc2V0cHJvZHVjdGlvbi5ibG9iLmNvcmUud2luZG93cy5uZXQifQ.wi45CYFBaZXhYFMEoxxPvp_MpRwEWrDuz__e62wzrd4&response-content-disposition=attachment%3B%20filename%3Dintel-opencl-icd_24.13.29138.7_amd64.deb&response-content-type=application%2Foctet-stream [following]
#7 60.24 --2026-02-24 14:57:06--  https://release-assets.githubusercontent.com/github-production-release-asset/105299354/462e06ff-3f39-4b5c-9ac2-e6c3f9c87386?sp=r&sv=2018-11-09&sr=b&spr=https&se=2026-02-24T15%3A50%3A00Z&rscd=attachment%3B+filename%3Dintel-opencl-icd_24.13.29138.7_amd64.deb&rsct=application%2Foctet-stream&skoid=96c2d410-5711-43a1-aedd-ab1947aa7ab0&sktid=398a6654-997b-47e9-b12b-9515b896b4de&skt=2026-02-24T14%3A49%3A29Z&ske=2026-02-24T15%3A50%3A00Z&sks=b&skv=2018-11-09&sig=go2RC7dwhKnJxUmPXbmXIaJTK%2BZFT9LEZPUlZXfBThs%3D&jwt=eyJ0eXAiOiJKV1QiLCJhbGciOiJIUzI1NiJ9.eyJpc3MiOiJnaXRodWIuY29tIiwiYXVkIjoicmVsZWFzZS1hc3NldHMuZ2l0aHVidXNlcmNvbnRlbnQuY29tIiwia2V5Ijoia2V5MSIsImV4cCI6MTc3MTk0NTI0MywibmJmIjoxNzcxOTQ0OTQzLCJwYXRoIjoicmVsZWFzZWFzc2V0cHJvZHVjdGlvbi5ibG9iLmNvcmUud2luZG93cy5uZXQifQ.wi45CYFBaZXhYFMEoxxPvp_MpRwEWrDuz__e62wzrd4&response-content-disposition=attachment%3B%20filename%3Dintel-opencl-icd_24.13.29138.7_amd64.deb&response-content-type=application%2Foctet-stream
#7 60.24 Resolving release-assets.githubusercontent.com (release-assets.githubusercontent.com)... 185.199.109.133, 185.199.110.133, 185.199.111.133, ...
#7 60.25 Connecting to release-assets.githubusercontent.com (release-assets.githubusercontent.com)|185.199.109.133|:443... connected.
#7 60.33 HTTP request sent, awaiting response... 200 OK
#7 60.37 Length: 2289892 (2.2M) [application/octet-stream]
#7 60.37 Saving to: ÔÇÿintel-opencl-icd_24.13.29138.7_amd64.debÔÇÖ
#7 60.38 
#7 60.38      0K .......... .......... .......... .......... ..........  2%  974K 2s
#7 60.42     50K .......... .......... .......... .......... ..........  4% 1.45M 2s
#7 60.45    100K .......... .......... .......... .......... ..........  6% 4.01M 1s
#7 60.47    150K .......... .......... .......... .......... ..........  8% 3.34M 1s
#7 60.48    200K .......... .......... .......... .......... .......... 11% 3.05M 1s
#7 60.50    250K .......... .......... .......... .......... .......... 13% 4.02M 1s
#7 60.51    300K .......... .......... .......... .......... .......... 15% 2.96M 1s
#7 60.52    350K .......... .......... .......... .......... .......... 17% 8.31M 1s
#7 60.53    400K .......... .......... .......... .......... .......... 20% 6.45M 1s
#7 60.54    450K .......... .......... .......... .......... .......... 22% 6.37M 1s
#7 60.55    500K .......... .......... .......... .......... .......... 24% 3.76M 1s
#7 60.56    550K .......... .......... .......... .......... .......... 26% 5.88M 1s
#7 60.57    600K .......... .......... .......... .......... .......... 29% 7.95M 1s
#7 60.57    650K .......... .......... .......... .......... .......... 31% 5.18M 0s
#7 60.58    700K .......... .......... .......... .......... .......... 33% 4.10M 0s
#7 60.59    750K .......... .......... .......... .......... .......... 35% 6.38M 0s
#7 60.60    800K .......... .......... .......... .......... .......... 38% 86.9M 0s
#7 60.60    850K .......... .......... .......... .......... .......... 40% 8.51M 0s
#7 60.61    900K .......... .......... .......... .......... .......... 42% 5.23M 0s
#7 60.62    950K .......... .......... .......... .......... .......... 44% 12.1M 0s
#7 60.62   1000K .......... .......... .......... .......... .......... 46% 4.69M 0s
#7 60.63   1050K .......... .......... .......... .......... .......... 49%  595K 0s
#7 60.72   1100K .......... .......... .......... .......... .......... 51% 21.6M 0s
#7 60.72   1150K .......... .......... .......... .......... .......... 53% 39.7M 0s
#7 60.72   1200K .......... .......... .......... .......... .......... 55% 32.9M 0s
#7 60.72   1250K .......... .......... .......... .......... .......... 58% 50.4M 0s
#7 60.72   1300K .......... .......... .......... .......... .......... 60% 40.4M 0s
#7 60.72   1350K .......... .......... .......... .......... .......... 62% 46.9M 0s
#7 60.72   1400K .......... .......... .......... .......... .......... 64% 29.7M 0s
#7 60.73   1450K .......... .......... .......... .......... .......... 67%  106M 0s
#7 60.73   1500K .......... .......... .......... .......... .......... 69% 29.3M 0s
#7 60.73   1550K .......... .......... .......... .......... .......... 71% 39.1M 0s
#7 60.73   1600K .......... .......... .......... .......... .......... 73% 30.4M 0s
#7 60.73   1650K .......... .......... .......... .......... .......... 76% 25.9M 0s
#7 60.73   1700K .......... .......... .......... .......... .......... 78% 4.05M 0s
#7 60.75   1750K .......... .......... .......... .......... .......... 80% 5.88M 0s
#7 60.75   1800K .......... .......... .......... .......... .......... 82% 5.69M 0s
#7 60.76   1850K .......... .......... .......... .......... .......... 84%  923K 0s
#7 60.82   1900K .......... .......... .......... .......... .......... 87% 19.3M 0s
#7 60.82   1950K .......... .......... .......... .......... .......... 89% 40.7M 0s
#7 60.82   2000K .......... .......... .......... .......... .......... 91% 39.4M 0s
#7 60.82   2050K .......... .......... .......... .......... .......... 93% 31.9M 0s
#7 60.82   2100K .......... .......... .......... .......... .......... 96% 73.6M 0s
#7 60.82   2150K .......... .......... .......... .......... .......... 98% 43.3M 0s
#7 60.82   2200K .......... .......... .......... ......               100% 40.9M=0.5s
#7 60.83 
#7 60.83 2026-02-24 14:57:07 (4.78 MB/s) - ÔÇÿintel-opencl-icd_24.13.29138.7_amd64.debÔÇÖ saved [2289892/2289892]
#7 60.83 
#7 60.83 --2026-02-24 14:57:07--  https://github.com/intel/compute-runtime/releases/download/24.13.29138.7/libigdgmm12_22.3.18_amd64.deb
#7 60.84 Resolving github.com (github.com)... 140.82.121.4
#7 60.84 Connecting to github.com (github.com)|140.82.121.4|:443... connected.
#7 60.93 HTTP request sent, awaiting response... 302 Found
#7 60.96 Location: https://release-assets.githubusercontent.com/github-production-release-asset/105299354/6e667338-5655-4656-88ae-90d69e8b9f99?sp=r&sv=2018-11-09&sr=b&spr=https&se=2026-02-24T15%3A32%3A30Z&rscd=attachment%3B+filename%3Dlibigdgmm12_22.3.18_amd64.deb&rsct=application%2Foctet-stream&skoid=96c2d410-5711-43a1-aedd-ab1947aa7ab0&sktid=398a6654-997b-47e9-b12b-9515b896b4de&skt=2026-02-24T14%3A32%3A04Z&ske=2026-02-24T15%3A32%3A30Z&sks=b&skv=2018-11-09&sig=GImW9qUofMkfqNXccJqc65Us5U9tQ1S6DFWS3%2BLckoc%3D&jwt=eyJ0eXAiOiJKV1QiLCJhbGciOiJIUzI1NiJ9.eyJpc3MiOiJnaXRodWIuY29tIiwiYXVkIjoicmVsZWFzZS1hc3NldHMuZ2l0aHVidXNlcmNvbnRlbnQuY29tIiwia2V5Ijoia2V5MSIsImV4cCI6MTc3MTk0NTI0NCwibmJmIjoxNzcxOTQ0OTQ0LCJwYXRoIjoicmVsZWFzZWFzc2V0cHJvZHVjdGlvbi5ibG9iLmNvcmUud2luZG93cy5uZXQifQ._gNTty0t8VPnk9Gu38xsCahUMRXgGwW5IfT9UOQJHos&response-content-disposition=attachment%3B%20filename%3Dlibigdgmm12_22.3.18_amd64.deb&response-content-type=application%2Foctet-stream [following]
#7 60.96 --2026-02-24 14:57:07--  https://release-assets.githubusercontent.com/github-production-release-asset/105299354/6e667338-5655-4656-88ae-90d69e8b9f99?sp=r&sv=2018-11-09&sr=b&spr=https&se=2026-02-24T15%3A32%3A30Z&rscd=attachment%3B+filename%3Dlibigdgmm12_22.3.18_amd64.deb&rsct=application%2Foctet-stream&skoid=96c2d410-5711-43a1-aedd-ab1947aa7ab0&sktid=398a6654-997b-47e9-b12b-9515b896b4de&skt=2026-02-24T14%3A32%3A04Z&ske=2026-02-24T15%3A32%3A30Z&sks=b&skv=2018-11-09&sig=GImW9qUofMkfqNXccJqc65Us5U9tQ1S6DFWS3%2BLckoc%3D&jwt=eyJ0eXAiOiJKV1QiLCJhbGciOiJIUzI1NiJ9.eyJpc3MiOiJnaXRodWIuY29tIiwiYXVkIjoicmVsZWFzZS1hc3NldHMuZ2l0aHVidXNlcmNvbnRlbnQuY29tIiwia2V5Ijoia2V5MSIsImV4cCI6MTc3MTk0NTI0NCwibmJmIjoxNzcxOTQ0OTQ0LCJwYXRoIjoicmVsZWFzZWFzc2V0cHJvZHVjdGlvbi5ibG9iLmNvcmUud2luZG93cy5uZXQifQ._gNTty0t8VPnk9Gu38xsCahUMRXgGwW5IfT9UOQJHos&response-content-disposition=attachment%3B%20filename%3Dlibigdgmm12_22.3.18_amd64.deb&response-content-type=application%2Foctet-stream
#7 60.96 Resolving release-assets.githubusercontent.com (release-assets.githubusercontent.com)... 185.199.109.133, 185.199.110.133, 185.199.111.133, ...
#7 60.96 Connecting to release-assets.githubusercontent.com (release-assets.githubusercontent.com)|185.199.109.133|:443... connected.
#7 61.04 HTTP request sent, awaiting response... 200 OK
#7 61.08 Length: 154328 (151K) [application/octet-stream]
#7 61.08 Saving to: ÔÇÿlibigdgmm12_22.3.18_amd64.debÔÇÖ
#7 61.08 
#7 61.08      0K .......... .......... .......... .......... .......... 33% 1.09M 0s
#7 61.13     50K .......... .......... .......... .......... .......... 66% 1.35M 0s
#7 61.16    100K .......... .......... .......... .......... .......... 99% 6.75M 0s
#7 61.17    150K                                                       100% 1.32T=0.09s
#7 61.17 
#7 61.17 2026-02-24 14:57:07 (1.67 MB/s) - ÔÇÿlibigdgmm12_22.3.18_amd64.debÔÇÖ saved [154328/154328]
#7 61.17 
#7 61.22 Selecting previously unselected package intel-level-zero-gpu.
#7 61.22 (Reading database ... 13777 files and directories currently installed.)
#7 61.22 Preparing to unpack intel-level-zero-gpu_1.3.29138.7_amd64.deb ...
#7 61.25 Unpacking intel-level-zero-gpu (1.3.29138.7) ...
#7 61.44 Selecting previously unselected package intel-opencl-icd.
#7 61.44 Preparing to unpack intel-opencl-icd_24.13.29138.7_amd64.deb ...
#7 61.46 Unpacking intel-opencl-icd (24.13.29138.7) ...
#7 61.67 Selecting previously unselected package libigdgmm12:amd64.
#7 61.68 Preparing to unpack libigdgmm12_22.3.18_amd64.deb ...
#7 61.70 Unpacking libigdgmm12:amd64 (22.3.18) ...
#7 61.78 Setting up libigdgmm12:amd64 (22.3.18) ...
#7 61.78 dpkg: dependency problems prevent configuration of intel-level-zero-gpu:
#7 61.78  intel-level-zero-gpu depends on intel-igc-core (= 1.0.16510.2); however:
#7 61.78   Package intel-igc-core is not installed.
#7 61.78 
#7 61.78 dpkg: error processing package intel-level-zero-gpu (--install):
#7 61.78  dependency problems - leaving unconfigured
#7 61.78 dpkg: dependency problems prevent configuration of intel-opencl-icd:
#7 61.78  intel-opencl-icd depends on intel-igc-opencl (= 1.0.16510.2); however:
#7 61.78   Package intel-igc-opencl is not installed.
#7 61.78  intel-opencl-icd depends on ocl-icd-libopencl1; however:
#7 61.78   Package ocl-icd-libopencl1 is not installed.
#7 61.78 
#7 61.78 dpkg: error processing package intel-opencl-icd (--install):
#7 61.78  dependency problems - leaving unconfigured
#7 61.83 Processing triggers for libc-bin (2.41-12+deb13u1) ...
#7 61.92 Errors were encountered while processing:
#7 61.92  intel-level-zero-gpu
#7 61.92  intel-opencl-icd
#7 ERROR: process "/bin/sh -c apt-get update && apt-get install -y     libgl1     libglib2.0-0     gcc     wget     && cd /tmp     && wget https://github.com/intel/compute-runtime/releases/download/24.13.29138.7/intel-level-zero-gpu_1.3.29138.7_amd64.deb     && wget https://github.com/intel/compute-runtime/releases/download/24.13.29138.7/intel-opencl-icd_24.13.29138.7_amd64.deb     && wget https://github.com/intel/compute-runtime/releases/download/24.13.29138.7/libigdgmm12_22.3.18_amd64.deb     && dpkg -i *.deb     && rm *.deb     && cd /app     && rm -rf /var/lib/apt/lists/*" did not complete successfully: exit code: 1
------
 > [engine 3/6] RUN apt-get update && apt-get install -y     libgl1     libglib2.0-0     gcc     wget     && cd /tmp     && wget https://github.com/intel/compute-runtime/releases/download/24.13.29138.7/intel-level-zero-gpu_1.3.29138.7_amd64.deb     && wget https://github.com/intel/compute-runtime/releases/download/24.13.29138.7/intel-opencl-icd_24.13.29138.7_amd64.deb     && wget https://github.com/intel/compute-runtime/releases/download/24.13.29138.7/libigdgmm12_22.3.18_amd64.deb     && dpkg -i *.deb     && rm *.deb     && cd /app     && rm -rf /var/lib/apt/lists/*:
61.78   Package intel-igc-opencl is not installed.
61.78  intel-opencl-icd depends on ocl-icd-libopencl1; however:
61.78   Package ocl-icd-libopencl1 is not installed.
61.78 
61.78 dpkg: error processing package intel-opencl-icd (--install):
61.78  dependency problems - leaving unconfigured
61.83 Processing triggers for libc-bin (2.41-12+deb13u1) ...
61.92 Errors were encountered while processing:
61.92  intel-level-zero-gpu
61.92  intel-opencl-icd
------
failed to solve: process "/bin/sh -c apt-get update && apt-get install -y     libgl1     libglib2.0-0     gcc     wget     && cd /tmp     && wget https://github.com/intel/compute-runtime/releases/download/24.13.29138.7/intel-level-zero-gpu_1.3.29138.7_amd64.deb     && wget https://github.com/intel/compute-runtime/releases/download/24.13.29138.7/intel-opencl-icd_24.13.29138.7_amd64.deb     && wget https://github.com/intel/compute-runtime/releases/download/24.13.29138.7/libigdgmm12_22.3.18_amd64.deb     && dpkg -i *.deb     && rm *.deb     && cd /app     && rm -rf /var/lib/apt/lists/*" did not complete successfully: exit code: 1
